{"numTotalTestSuites":33,"numPassedTestSuites":33,"numFailedTestSuites":0,"numPendingTestSuites":0,"numTotalTests":60,"numPassedTests":60,"numFailedTests":0,"numPendingTests":0,"numTodoTests":0,"snapshot":{"added":0,"failure":false,"filesAdded":0,"filesRemoved":0,"filesRemovedList":[],"filesUnmatched":0,"filesUpdated":0,"matched":0,"total":0,"unchecked":0,"uncheckedKeysByFile":[],"unmatched":0,"updated":0,"didUpdate":false},"startTime":1767034902393,"success":true,"testResults":[{"assertionResults":[{"ancestorTitles":["LanguageSwitcher"],"fullName":"LanguageSwitcher renders correctly","status":"passed","title":"renders correctly","duration":129.01199999999994,"failureMessages":[],"meta":{}},{"ancestorTitles":["LanguageSwitcher"],"fullName":"LanguageSwitcher opens dropdown and shows languages","status":"passed","title":"opens dropdown and shows languages","duration":389.25599999999986,"failureMessages":[],"meta":{}},{"ancestorTitles":["LanguageSwitcher"],"fullName":"LanguageSwitcher updates store and refreshes router when language is selected","status":"passed","title":"updates store and refreshes router when language is selected","duration":205.93816700000002,"failureMessages":[],"meta":{}}],"startTime":1767034903427,"endTime":1767034904151.9382,"status":"passed","message":"","name":"/Users/xiangyu/code_checker/src/components/__tests__/LanguageSwitcher.test.tsx"},{"assertionResults":[{"ancestorTitles":["PipelineStatus"],"fullName":"PipelineStatus renders all stages","status":"passed","title":"renders all stages","duration":43.09258399999999,"failureMessages":[],"meta":{}},{"ancestorTitles":["PipelineStatus"],"fullName":"PipelineStatus renders correct icons for each status","status":"passed","title":"renders correct icons for each status","duration":4.613542000000052,"failureMessages":[],"meta":{}},{"ancestorTitles":["PipelineStatus"],"fullName":"PipelineStatus renders failed status correctly","status":"passed","title":"renders failed status correctly","duration":2.1836250000000064,"failureMessages":[],"meta":{}}],"startTime":1767034903229,"endTime":1767034903279.1836,"status":"passed","message":"","name":"/Users/xiangyu/code_checker/src/components/__tests__/PipelineStatus.test.tsx"},{"assertionResults":[{"ancestorTitles":["RequestDetailPanel"],"fullName":"RequestDetailPanel renders empty state when no request selected","status":"passed","title":"renders empty state when no request selected","duration":31.72441600000002,"failureMessages":[],"meta":{}},{"ancestorTitles":["RequestDetailPanel"],"fullName":"RequestDetailPanel renders structured problem details correctly","status":"passed","title":"renders structured problem details correctly","duration":275.3822909999999,"failureMessages":[],"meta":{}},{"ancestorTitles":["RequestDetailPanel"],"fullName":"RequestDetailPanel renders fallback when problemDetails parsing fails","status":"passed","title":"renders fallback when problemDetails parsing fails","duration":107.26833299999998,"failureMessages":[],"meta":{}},{"ancestorTitles":["RequestDetailPanel"],"fullName":"RequestDetailPanel renders pipeline status even when request is completed","status":"passed","title":"renders pipeline status even when request is completed","duration":22.622583000000304,"failureMessages":[],"meta":{}},{"ancestorTitles":["RequestDetailPanel"],"fullName":"RequestDetailPanel handles retry correctly","status":"passed","title":"handles retry correctly","duration":32.73141600000008,"failureMessages":[],"meta":{}},{"ancestorTitles":["RequestDetailPanel"],"fullName":"RequestDetailPanel renders error state when request is not found","status":"passed","title":"renders error state when request is not found","duration":1.3775000000000546,"failureMessages":[],"meta":{}},{"ancestorTitles":["RequestDetailPanel"],"fullName":"RequestDetailPanel handles share functionality correctly","status":"passed","title":"handles share functionality correctly","duration":288.3942500000003,"failureMessages":[],"meta":{}},{"ancestorTitles":["RequestDetailPanel"],"fullName":"RequestDetailPanel renders Loading state correctly","status":"passed","title":"renders Loading state correctly","duration":3.745582999999897,"failureMessages":[],"meta":{}},{"ancestorTitles":["RequestDetailPanel"],"fullName":"RequestDetailPanel renders modification analysis correctly","status":"passed","title":"renders modification analysis correctly","duration":186.95074999999997,"failureMessages":[],"meta":{}},{"ancestorTitles":["RequestDetailPanel"],"fullName":"RequestDetailPanel renders fallback message when no user prompt is provided","status":"passed","title":"renders fallback message when no user prompt is provided","duration":30.242917000000034,"failureMessages":[],"meta":{}}],"startTime":1767034904546,"endTime":1767034905527.243,"status":"passed","message":"","name":"/Users/xiangyu/code_checker/src/components/__tests__/RequestDetailPanel.test.tsx"},{"assertionResults":[{"ancestorTitles":["RequestList"],"fullName":"RequestList renders loading state","status":"passed","title":"renders loading state","duration":15.039041999999881,"failureMessages":[],"meta":{}},{"ancestorTitles":["RequestList"],"fullName":"RequestList renders empty state","status":"passed","title":"renders empty state","duration":4.384624999999687,"failureMessages":[],"meta":{}},{"ancestorTitles":["RequestList"],"fullName":"RequestList renders list of requests","status":"passed","title":"renders list of requests","duration":15.679333000000042,"failureMessages":[],"meta":{}},{"ancestorTitles":["RequestList"],"fullName":"RequestList navigates to request details on click","status":"passed","title":"navigates to request details on click","duration":6.162750000000415,"failureMessages":[],"meta":{}},{"ancestorTitles":["RequestList"],"fullName":"RequestList renders processing state with correct animation","status":"passed","title":"renders processing state with correct animation","duration":4.242041000000427,"failureMessages":[],"meta":{}},{"ancestorTitles":["RequestList"],"fullName":"RequestList calls invalidate on refresh","status":"passed","title":"calls invalidate on refresh","duration":4.436417000000347,"failureMessages":[],"meta":{}}],"startTime":1767034907206,"endTime":1767034907256.4365,"status":"passed","message":"","name":"/Users/xiangyu/code_checker/src/components/__tests__/RequestList.test.tsx"},{"assertionResults":[{"ancestorTitles":["ShikiCodeRenderer"],"fullName":"ShikiCodeRenderer renders skeleton initially","status":"passed","title":"renders skeleton initially","duration":64.88695800000005,"failureMessages":[],"meta":{}},{"ancestorTitles":["ShikiCodeRenderer"],"fullName":"ShikiCodeRenderer renders highlighted code after loading","status":"passed","title":"renders highlighted code after loading","duration":9.061000000000035,"failureMessages":[],"meta":{}},{"ancestorTitles":["ShikiCodeRenderer"],"fullName":"ShikiCodeRenderer handles theme changes","status":"passed","title":"handles theme changes","duration":67.55550000000005,"failureMessages":[],"meta":{}},{"ancestorTitles":["ShikiCodeRenderer"],"fullName":"ShikiCodeRenderer handles highlighter error gracefully","status":"passed","title":"handles highlighter error gracefully","duration":37.077042000000006,"failureMessages":[],"meta":{}}],"startTime":1767034903232,"endTime":1767034903410.0771,"status":"passed","message":"","name":"/Users/xiangyu/code_checker/src/components/__tests__/ShikiCodeRenderer.test.tsx"},{"assertionResults":[{"ancestorTitles":["SubmissionForm"],"fullName":"SubmissionForm renders correctly","status":"passed","title":"renders correctly","duration":50.94687499999998,"failureMessages":[],"meta":{}},{"ancestorTitles":["SubmissionForm"],"fullName":"SubmissionForm updates text input","status":"passed","title":"updates text input","duration":77.09033299999987,"failureMessages":[],"meta":{}},{"ancestorTitles":["SubmissionForm"],"fullName":"SubmissionForm disables submit button on empty input","status":"passed","title":"disables submit button on empty input","duration":4.714416000000028,"failureMessages":[],"meta":{}},{"ancestorTitles":["SubmissionForm"],"fullName":"SubmissionForm submits form with data","status":"passed","title":"submits form with data","duration":20.81483400000002,"failureMessages":[],"meta":{}},{"ancestorTitles":["SubmissionForm"],"fullName":"SubmissionForm handles image upload via input","status":"passed","title":"handles image upload via input","duration":412.6862500000002,"failureMessages":[],"meta":{}},{"ancestorTitles":["SubmissionForm"],"fullName":"SubmissionForm removes uploaded image","status":"passed","title":"removes uploaded image","duration":219.8409999999999,"failureMessages":[],"meta":{}},{"ancestorTitles":["SubmissionForm"],"fullName":"SubmissionForm clears form when clear button is clicked","status":"passed","title":"clears form when clear button is clicked","duration":211.75149999999985,"failureMessages":[],"meta":{}},{"ancestorTitles":["SubmissionForm"],"fullName":"SubmissionForm handles drag and drop","status":"passed","title":"handles drag and drop","duration":17.95929100000012,"failureMessages":[],"meta":{}}],"startTime":1767034903391,"endTime":1767034904406.9592,"status":"passed","message":"","name":"/Users/xiangyu/code_checker/src/components/__tests__/SubmissionForm.test.tsx"},{"assertionResults":[{"ancestorTitles":["ThemeSwitcher"],"fullName":"ThemeSwitcher renders correctly","status":"passed","title":"renders correctly","duration":96.44675000000007,"failureMessages":[],"meta":{}},{"ancestorTitles":["ThemeSwitcher"],"fullName":"ThemeSwitcher toggles theme on click","status":"passed","title":"toggles theme on click","duration":6.518792000000076,"failureMessages":[],"meta":{}}],"startTime":1767034903355,"endTime":1767034903458.5188,"status":"passed","message":"","name":"/Users/xiangyu/code_checker/src/components/__tests__/ThemeSwitcher.test.tsx"},{"assertionResults":[{"ancestorTitles":["TaskQueue"],"fullName":"TaskQueue should add tasks to queue","status":"passed","title":"should add tasks to queue","duration":4.012916000000132,"failureMessages":[],"meta":{}},{"ancestorTitles":["TaskQueue"],"fullName":"TaskQueue should respect concurrency limit","status":"passed","title":"should respect concurrency limit","duration":1.45637499999998,"failureMessages":[],"meta":{}},{"ancestorTitles":["TaskQueue"],"fullName":"TaskQueue should continue processing when queue is empty","status":"passed","title":"should continue processing when queue is empty","duration":1.05925000000002,"failureMessages":[],"meta":{}}],"startTime":1767034904797,"endTime":1767034904803.0593,"status":"passed","message":"","name":"/Users/xiangyu/code_checker/src/lib/queue/__tests__/task-queue.test.ts"},{"assertionResults":[{"ancestorTitles":["processAnalysisRequest"],"fullName":"processAnalysisRequest should process request successfully with 3-stage pipeline","status":"passed","title":"should process request successfully with 3-stage pipeline","duration":4.937541999999894,"failureMessages":[],"meta":{}},{"ancestorTitles":["processAnalysisRequest"],"fullName":"processAnalysisRequest should handle request not found","status":"passed","title":"should handle request not found","duration":0.4030410000000302,"failureMessages":[],"meta":{}},{"ancestorTitles":["processAnalysisRequest"],"fullName":"processAnalysisRequest should handle API error in first stage","status":"passed","title":"should handle API error in first stage","duration":4.693250000000035,"failureMessages":[],"meta":{}}],"startTime":1767034904639,"endTime":1767034904648.6934,"status":"passed","message":"","name":"/Users/xiangyu/code_checker/src/lib/services/__tests__/openai-processor.test.ts"},{"assertionResults":[{"ancestorTitles":["Button"],"fullName":"Button renders correctly with default props","status":"passed","title":"renders correctly with default props","duration":57.683915999999954,"failureMessages":[],"meta":{}},{"ancestorTitles":["Button"],"fullName":"Button renders with different variants","status":"passed","title":"renders with different variants","duration":13.725208000000066,"failureMessages":[],"meta":{}},{"ancestorTitles":["Button"],"fullName":"Button handles click events","status":"passed","title":"handles click events","duration":5.786749999999984,"failureMessages":[],"meta":{}},{"ancestorTitles":["Button"],"fullName":"Button can be disabled","status":"passed","title":"can be disabled","duration":2.0348330000000487,"failureMessages":[],"meta":{}}],"startTime":1767034903213,"endTime":1767034903293.035,"status":"passed","message":"","name":"/Users/xiangyu/code_checker/src/components/ui/__tests__/button.test.tsx"},{"assertionResults":[{"ancestorTitles":["requestsRouter","list"],"fullName":"requestsRouter list should return a list of requests","status":"passed","title":"should return a list of requests","duration":3.751792000000023,"failureMessages":[],"meta":{}},{"ancestorTitles":["requestsRouter","list"],"fullName":"requestsRouter list should filter by status","status":"passed","title":"should filter by status","duration":0.23183300000005147,"failureMessages":[],"meta":{}},{"ancestorTitles":["requestsRouter","getById"],"fullName":"requestsRouter getById should return request by id","status":"passed","title":"should return request by id","duration":0.7905829999999696,"failureMessages":[],"meta":{}},{"ancestorTitles":["requestsRouter","getById"],"fullName":"requestsRouter getById should throw NOT_FOUND calls","status":"passed","title":"should throw NOT_FOUND calls","duration":0.5553750000001401,"failureMessages":[],"meta":{}},{"ancestorTitles":["requestsRouter","create"],"fullName":"requestsRouter create should create request and add to queue","status":"passed","title":"should create request and add to queue","duration":0.36124999999992724,"failureMessages":[],"meta":{}},{"ancestorTitles":["requestsRouter","delete"],"fullName":"requestsRouter delete should delete request","status":"passed","title":"should delete request","duration":0.14949999999998909,"failureMessages":[],"meta":{}},{"ancestorTitles":["requestsRouter","retry"],"fullName":"requestsRouter retry should reset request fields and add to queue","status":"passed","title":"should reset request fields and add to queue","duration":0.2223750000000564,"failureMessages":[],"meta":{}},{"ancestorTitles":["requestsRouter","retry"],"fullName":"requestsRouter retry should throw NOT_FOUND if request does not exist","status":"passed","title":"should throw NOT_FOUND if request does not exist","duration":0.10045799999988958,"failureMessages":[],"meta":{}}],"startTime":1767034905238,"endTime":1767034905244.2224,"status":"passed","message":"","name":"/Users/xiangyu/code_checker/src/server/routers/__tests__/requests.test.ts"},{"assertionResults":[{"ancestorTitles":["settingsRouter","getAll"],"fullName":"settingsRouter getAll returns all settings for admin","status":"passed","title":"returns all settings for admin","duration":2.7536660000000666,"failureMessages":[],"meta":{}},{"ancestorTitles":["settingsRouter","getAll"],"fullName":"settingsRouter getAll throws UNAUTHORIZED for wrong token","status":"passed","title":"throws UNAUTHORIZED for wrong token","duration":1.9166669999999613,"failureMessages":[],"meta":{}},{"ancestorTitles":["settingsRouter","getByKey"],"fullName":"settingsRouter getByKey returns setting value for valid key","status":"passed","title":"returns setting value for valid key","duration":0.8222919999998339,"failureMessages":[],"meta":{}},{"ancestorTitles":["settingsRouter","getByKey"],"fullName":"settingsRouter getByKey returns null if setting not found","status":"passed","title":"returns null if setting not found","duration":0.70575000000008,"failureMessages":[],"meta":{}},{"ancestorTitles":["settingsRouter","upsert"],"fullName":"settingsRouter upsert updates setting for admin","status":"passed","title":"updates setting for admin","duration":0.46812499999987267,"failureMessages":[],"meta":{}},{"ancestorTitles":["settingsRouter","batchUpdate"],"fullName":"settingsRouter batchUpdate updates multiple settings for admin","status":"passed","title":"updates multiple settings for admin","duration":0.22045800000000781,"failureMessages":[],"meta":{}}],"startTime":1767034905728,"endTime":1767034905735.468,"status":"passed","message":"","name":"/Users/xiangyu/code_checker/src/server/routers/__tests__/settings.test.ts"}],"coverageMap":{"/Users/xiangyu/code_checker/src/components/LanguageSwitcher.tsx":{"path":"/Users/xiangyu/code_checker/src/components/LanguageSwitcher.tsx","statementMap":{"0":{"start":{"line":16,"column":18},"end":{"line":20,"column":null}},"1":{"start":{"line":23,"column":10},"end":{"line":23,"column":null}},"2":{"start":{"line":24,"column":10},"end":{"line":24,"column":null}},"3":{"start":{"line":25,"column":10},"end":{"line":25,"column":null}},"4":{"start":{"line":26,"column":24},"end":{"line":26,"column":null}},"5":{"start":{"line":28,"column":25},"end":{"line":37,"column":null}},"6":{"start":{"line":30,"column":8},"end":{"line":30,"column":null}},"7":{"start":{"line":33,"column":8},"end":{"line":33,"column":null}},"8":{"start":{"line":36,"column":8},"end":{"line":36,"column":null}},"9":{"start":{"line":39,"column":4},"end":{"line":61,"column":null}},"10":{"start":{"line":49,"column":20},"end":{"line":58,"column":null}},"11":{"start":{"line":51,"column":39},"end":{"line":51,"column":null}}},"fnMap":{"0":{"name":"LanguageSwitcher","decl":{"start":{"line":22,"column":24},"end":{"line":22,"column":43}},"loc":{"start":{"line":22,"column":43},"end":{"line":63,"column":null}},"line":22},"1":{"name":"(anonymous_1)","decl":{"start":{"line":28,"column":25},"end":{"line":28,"column":26}},"loc":{"start":{"line":28,"column":48},"end":{"line":37,"column":null}},"line":28},"2":{"name":"(anonymous_2)","decl":{"start":{"line":48,"column":31},"end":{"line":48,"column":32}},"loc":{"start":{"line":49,"column":20},"end":{"line":58,"column":null}},"line":49},"3":{"name":"(anonymous_3)","decl":{"start":{"line":51,"column":33},"end":{"line":51,"column":39}},"loc":{"start":{"line":51,"column":39},"end":{"line":51,"column":null}},"line":51}},"branchMap":{"0":{"loc":{"start":{"line":54,"column":28},"end":{"line":54,"column":null}},"type":"binary-expr","locations":[{"start":{"line":54,"column":28},"end":{"line":54,"column":51}},{"start":{"line":54,"column":51},"end":{"line":54,"column":null}}],"line":54}},"s":{"0":1,"1":3,"2":3,"3":3,"4":3,"5":3,"6":1,"7":1,"8":1,"9":3,"10":9,"11":1},"f":{"0":3,"1":1,"2":9,"3":1},"b":{"0":[9,3]},"meta":{"lastBranch":1,"lastFunction":4,"lastStatement":12,"seen":{"s:16:18:20:Infinity":0,"f:22:24:22:43":0,"s:23:10:23:Infinity":1,"s:24:10:24:Infinity":2,"s:25:10:25:Infinity":3,"s:26:24:26:Infinity":4,"s:28:25:37:Infinity":5,"f:28:25:28:26":1,"s:30:8:30:Infinity":6,"s:33:8:33:Infinity":7,"s:36:8:36:Infinity":8,"s:39:4:61:Infinity":9,"f:48:31:48:32":2,"s:49:20:58:Infinity":10,"f:51:33:51:39":3,"s:51:39:51:Infinity":11,"b:54:28:54:51:54:51:54:Infinity":0}}},"/Users/xiangyu/code_checker/src/components/PipelineStatus.tsx":{"path":"/Users/xiangyu/code_checker/src/components/PipelineStatus.tsx","statementMap":{"0":{"start":{"line":22,"column":10},"end":{"line":22,"column":null}},"1":{"start":{"line":24,"column":25},"end":{"line":35,"column":null}},"2":{"start":{"line":25,"column":8},"end":{"line":34,"column":null}},"3":{"start":{"line":27,"column":16},"end":{"line":27,"column":null}},"4":{"start":{"line":29,"column":16},"end":{"line":29,"column":null}},"5":{"start":{"line":31,"column":16},"end":{"line":31,"column":null}},"6":{"start":{"line":33,"column":16},"end":{"line":33,"column":null}},"7":{"start":{"line":37,"column":26},"end":{"line":48,"column":null}},"8":{"start":{"line":38,"column":8},"end":{"line":47,"column":null}},"9":{"start":{"line":40,"column":16},"end":{"line":40,"column":null}},"10":{"start":{"line":42,"column":16},"end":{"line":42,"column":null}},"11":{"start":{"line":44,"column":16},"end":{"line":44,"column":null}},"12":{"start":{"line":46,"column":16},"end":{"line":46,"column":null}},"13":{"start":{"line":50,"column":31},"end":{"line":57,"column":null}},"14":{"start":{"line":51,"column":8},"end":{"line":55,"column":null}},"15":{"start":{"line":52,"column":12},"end":{"line":54,"column":null}},"16":{"start":{"line":53,"column":16},"end":{"line":53,"column":null}},"17":{"start":{"line":56,"column":8},"end":{"line":56,"column":null}},"18":{"start":{"line":59,"column":4},"end":{"line":142,"column":null}},"19":{"start":{"line":65,"column":24},"end":{"line":97,"column":null}},"20":{"start":{"line":104,"column":24},"end":{"line":138,"column":null}}},"fnMap":{"0":{"name":"PipelineStatus","decl":{"start":{"line":21,"column":24},"end":{"line":21,"column":39}},"loc":{"start":{"line":21,"column":83},"end":{"line":144,"column":null}},"line":21},"1":{"name":"(anonymous_1)","decl":{"start":{"line":24,"column":25},"end":{"line":24,"column":26}},"loc":{"start":{"line":24,"column":50},"end":{"line":35,"column":null}},"line":24},"2":{"name":"(anonymous_2)","decl":{"start":{"line":37,"column":26},"end":{"line":37,"column":27}},"loc":{"start":{"line":37,"column":51},"end":{"line":48,"column":null}},"line":37},"3":{"name":"(anonymous_3)","decl":{"start":{"line":50,"column":31},"end":{"line":50,"column":32}},"loc":{"start":{"line":50,"column":88},"end":{"line":57,"column":null}},"line":50},"4":{"name":"(anonymous_4)","decl":{"start":{"line":64,"column":32},"end":{"line":64,"column":33}},"loc":{"start":{"line":65,"column":24},"end":{"line":97,"column":null}},"line":65},"5":{"name":"(anonymous_5)","decl":{"start":{"line":103,"column":32},"end":{"line":103,"column":33}},"loc":{"start":{"line":104,"column":24},"end":{"line":138,"column":null}},"line":104}},"branchMap":{"0":{"loc":{"start":{"line":25,"column":8},"end":{"line":34,"column":null}},"type":"switch","locations":[{"start":{"line":26,"column":12},"end":{"line":27,"column":null}},{"start":{"line":28,"column":12},"end":{"line":29,"column":null}},{"start":{"line":30,"column":12},"end":{"line":31,"column":null}},{"start":{"line":32,"column":12},"end":{"line":33,"column":null}}],"line":25},"1":{"loc":{"start":{"line":38,"column":8},"end":{"line":47,"column":null}},"type":"switch","locations":[{"start":{"line":39,"column":12},"end":{"line":40,"column":null}},{"start":{"line":41,"column":12},"end":{"line":42,"column":null}},{"start":{"line":43,"column":12},"end":{"line":44,"column":null}},{"start":{"line":45,"column":12},"end":{"line":46,"column":null}}],"line":38},"2":{"loc":{"start":{"line":51,"column":8},"end":{"line":55,"column":null}},"type":"if","locations":[{"start":{"line":51,"column":8},"end":{"line":55,"column":null}},{"start":{},"end":{}}],"line":51},"3":{"loc":{"start":{"line":52,"column":12},"end":{"line":54,"column":null}},"type":"if","locations":[{"start":{"line":52,"column":12},"end":{"line":54,"column":null}},{"start":{},"end":{}}],"line":52},"4":{"loc":{"start":{"line":52,"column":16},"end":{"line":52,"column":81}},"type":"binary-expr","locations":[{"start":{"line":52,"column":16},"end":{"line":52,"column":49}},{"start":{"line":52,"column":49},"end":{"line":52,"column":81}}],"line":52},"5":{"loc":{"start":{"line":89,"column":29},"end":{"line":95,"column":null}},"type":"binary-expr","locations":[{"start":{"line":89,"column":29},"end":{"line":89,"column":null}},{"start":{"line":90,"column":32},"end":{"line":95,"column":null}}],"line":89},"6":{"loc":{"start":{"line":128,"column":29},"end":{"line":136,"column":null}},"type":"binary-expr","locations":[{"start":{"line":128,"column":29},"end":{"line":128,"column":null}},{"start":{"line":129,"column":32},"end":{"line":136,"column":null}}],"line":128}},"s":{"0":17,"1":17,"2":98,"3":24,"4":4,"5":6,"6":64,"7":17,"8":98,"9":24,"10":4,"11":6,"12":64,"13":17,"14":64,"15":20,"16":12,"17":52,"18":17,"19":49,"20":49},"f":{"0":17,"1":98,"2":98,"3":64,"4":49,"5":49},"b":{"0":[24,4,6,64],"1":[24,4,6,64],"2":[20,44],"3":[12,8],"4":[20,12],"5":[49,32],"6":[49,32]},"meta":{"lastBranch":7,"lastFunction":6,"lastStatement":21,"seen":{"f:21:24:21:39":0,"s:22:10:22:Infinity":0,"s:24:25:35:Infinity":1,"f:24:25:24:26":1,"b:26:12:27:Infinity:28:12:29:Infinity:30:12:31:Infinity:32:12:33:Infinity":0,"s:25:8:34:Infinity":2,"s:27:16:27:Infinity":3,"s:29:16:29:Infinity":4,"s:31:16:31:Infinity":5,"s:33:16:33:Infinity":6,"s:37:26:48:Infinity":7,"f:37:26:37:27":2,"b:39:12:40:Infinity:41:12:42:Infinity:43:12:44:Infinity:45:12:46:Infinity":1,"s:38:8:47:Infinity":8,"s:40:16:40:Infinity":9,"s:42:16:42:Infinity":10,"s:44:16:44:Infinity":11,"s:46:16:46:Infinity":12,"s:50:31:57:Infinity":13,"f:50:31:50:32":3,"b:51:8:55:Infinity:undefined:undefined:undefined:undefined":2,"s:51:8:55:Infinity":14,"b:52:12:54:Infinity:undefined:undefined:undefined:undefined":3,"s:52:12:54:Infinity":15,"b:52:16:52:49:52:49:52:81":4,"s:53:16:53:Infinity":16,"s:56:8:56:Infinity":17,"s:59:4:142:Infinity":18,"f:64:32:64:33":4,"s:65:24:97:Infinity":19,"b:89:29:89:Infinity:90:32:95:Infinity":5,"f:103:32:103:33":5,"s:104:24:138:Infinity":20,"b:128:29:128:Infinity:129:32:136:Infinity":6}}},"/Users/xiangyu/code_checker/src/components/ProblemDisplay.tsx":{"path":"/Users/xiangyu/code_checker/src/components/ProblemDisplay.tsx","statementMap":{"0":{"start":{"line":29,"column":24},"end":{"line":42,"column":null}},"1":{"start":{"line":30,"column":10},"end":{"line":30,"column":null}},"2":{"start":{"line":31,"column":4},"end":{"line":31,"column":null}},"3":{"start":{"line":31,"column":39},"end":{"line":31,"column":null}},"4":{"start":{"line":32,"column":4},"end":{"line":40,"column":null}},"5":{"start":{"line":44,"column":22},"end":{"line":48,"column":null}},"6":{"start":{"line":45,"column":4},"end":{"line":48,"column":null}},"7":{"start":{"line":52,"column":10},"end":{"line":52,"column":null}},"8":{"start":{"line":56,"column":20},"end":{"line":56,"column":null}},"9":{"start":{"line":58,"column":4},"end":{"line":70,"column":null}},"10":{"start":{"line":60,"column":8},"end":{"line":68,"column":null}},"11":{"start":{"line":61,"column":12},"end":{"line":66,"column":null}},"12":{"start":{"line":69,"column":8},"end":{"line":69,"column":null}},"13":{"start":{"line":72,"column":4},"end":{"line":151,"column":null}}},"fnMap":{"0":{"name":"(anonymous_0)","decl":{"start":{"line":29,"column":24},"end":{"line":29,"column":25}},"loc":{"start":{"line":29,"column":62},"end":{"line":42,"column":null}},"line":29},"1":{"name":"(anonymous_1)","decl":{"start":{"line":44,"column":22},"end":{"line":44,"column":23}},"loc":{"start":{"line":45,"column":4},"end":{"line":48,"column":null}},"line":45},"2":{"name":"ProblemDisplay","decl":{"start":{"line":51,"column":24},"end":{"line":51,"column":39}},"loc":{"start":{"line":51,"column":70},"end":{"line":153,"column":null}},"line":51}},"branchMap":{"0":{"loc":{"start":{"line":31,"column":4},"end":{"line":31,"column":null}},"type":"if","locations":[{"start":{"line":31,"column":4},"end":{"line":31,"column":null}},{"start":{},"end":{}}],"line":31},"1":{"loc":{"start":{"line":31,"column":8},"end":{"line":31,"column":39}},"type":"binary-expr","locations":[{"start":{"line":31,"column":8},"end":{"line":31,"column":20}},{"start":{"line":31,"column":20},"end":{"line":31,"column":39}}],"line":31},"2":{"loc":{"start":{"line":56,"column":20},"end":{"line":56,"column":null}},"type":"cond-expr","locations":[{"start":{"line":56,"column":47},"end":{"line":56,"column":54}},{"start":{"line":56,"column":54},"end":{"line":56,"column":null}}],"line":56},"3":{"loc":{"start":{"line":58,"column":4},"end":{"line":70,"column":null}},"type":"if","locations":[{"start":{"line":58,"column":4},"end":{"line":70,"column":null}},{"start":{},"end":{}}],"line":58},"4":{"loc":{"start":{"line":60,"column":8},"end":{"line":68,"column":null}},"type":"if","locations":[{"start":{"line":60,"column":8},"end":{"line":68,"column":null}},{"start":{},"end":{}}],"line":60},"5":{"loc":{"start":{"line":127,"column":82},"end":{"line":127,"column":148}},"type":"cond-expr","locations":[{"start":{"line":127,"column":115},"end":{"line":127,"column":127}},{"start":{"line":127,"column":127},"end":{"line":127,"column":148}}],"line":127},"6":{"loc":{"start":{"line":133,"column":82},"end":{"line":133,"column":150}},"type":"cond-expr","locations":[{"start":{"line":133,"column":116},"end":{"line":133,"column":128}},{"start":{"line":133,"column":128},"end":{"line":133,"column":150}}],"line":133},"7":{"loc":{"start":{"line":140,"column":13},"end":{"line":149,"column":null}},"type":"binary-expr","locations":[{"start":{"line":140,"column":13},"end":{"line":140,"column":30}},{"start":{"line":140,"column":30},"end":{"line":140,"column":null}},{"start":{"line":141,"column":16},"end":{"line":149,"column":null}}],"line":140}},"s":{"0":1,"1":5,"2":5,"3":0,"4":5,"5":1,"6":5,"7":2,"8":2,"9":2,"10":1,"11":1,"12":0,"13":1},"f":{"0":5,"1":5,"2":2},"b":{"0":[0,5],"1":[5,5],"2":[1,1],"3":[1,1],"4":[1,0],"5":[0,1],"6":[0,1],"7":[2,1,1]},"meta":{"lastBranch":8,"lastFunction":3,"lastStatement":14,"seen":{"s:29:24:42:Infinity":0,"f:29:24:29:25":0,"s:30:10:30:Infinity":1,"b:31:4:31:Infinity:undefined:undefined:undefined:undefined":0,"s:31:4:31:Infinity":2,"b:31:8:31:20:31:20:31:39":1,"s:31:39:31:Infinity":3,"s:32:4:40:Infinity":4,"s:44:22:48:Infinity":5,"f:44:22:44:23":1,"s:45:4:48:Infinity":6,"f:51:24:51:39":2,"s:52:10:52:Infinity":7,"s:56:20:56:Infinity":8,"b:56:47:56:54:56:54:56:Infinity":2,"b:58:4:70:Infinity:undefined:undefined:undefined:undefined":3,"s:58:4:70:Infinity":9,"b:60:8:68:Infinity:undefined:undefined:undefined:undefined":4,"s:60:8:68:Infinity":10,"s:61:12:66:Infinity":11,"s:69:8:69:Infinity":12,"s:72:4:151:Infinity":13,"b:127:115:127:127:127:127:127:148":5,"b:133:116:133:128:133:128:133:150":6,"b:140:13:140:30:140:30:140:Infinity:141:16:149:Infinity":7}}},"/Users/xiangyu/code_checker/src/components/ShikiCodeRenderer.tsx":{"path":"/Users/xiangyu/code_checker/src/components/ShikiCodeRenderer.tsx","statementMap":{"0":{"start":{"line":8,"column":54},"end":{"line":8,"column":null}},"1":{"start":{"line":10,"column":49},"end":{"line":16,"column":null}},"2":{"start":{"line":13,"column":8},"end":{"line":13,"column":null}},"3":{"start":{"line":14,"column":8},"end":{"line":14,"column":null}},"4":{"start":{"line":19,"column":4},"end":{"line":24,"column":null}},"5":{"start":{"line":20,"column":8},"end":{"line":23,"column":null}},"6":{"start":{"line":25,"column":4},"end":{"line":25,"column":null}},"7":{"start":{"line":41,"column":24},"end":{"line":41,"column":null}},"8":{"start":{"line":42,"column":34},"end":{"line":42,"column":null}},"9":{"start":{"line":43,"column":31},"end":{"line":43,"column":null}},"10":{"start":{"line":45,"column":25},"end":{"line":45,"column":null}},"11":{"start":{"line":46,"column":23},"end":{"line":46,"column":null}},"12":{"start":{"line":48,"column":4},"end":{"line":72,"column":null}},"13":{"start":{"line":49,"column":24},"end":{"line":49,"column":null}},"14":{"start":{"line":52,"column":12},"end":{"line":67,"column":null}},"15":{"start":{"line":53,"column":36},"end":{"line":53,"column":null}},"16":{"start":{"line":54,"column":16},"end":{"line":54,"column":null}},"17":{"start":{"line":54,"column":32},"end":{"line":54,"column":null}},"18":{"start":{"line":56,"column":40},"end":{"line":60,"column":null}},"19":{"start":{"line":62,"column":16},"end":{"line":62,"column":null}},"20":{"start":{"line":63,"column":16},"end":{"line":63,"column":null}},"21":{"start":{"line":65,"column":16},"end":{"line":65,"column":null}},"22":{"start":{"line":66,"column":16},"end":{"line":66,"column":null}},"23":{"start":{"line":66,"column":31},"end":{"line":66,"column":null}},"24":{"start":{"line":70,"column":8},"end":{"line":70,"column":null}},"25":{"start":{"line":71,"column":8},"end":{"line":71,"column":null}},"26":{"start":{"line":71,"column":23},"end":{"line":71,"column":42}},"27":{"start":{"line":74,"column":4},"end":{"line":76,"column":null}},"28":{"start":{"line":75,"column":8},"end":{"line":75,"column":null}},"29":{"start":{"line":78,"column":4},"end":{"line":82,"column":null}}},"fnMap":{"0":{"name":"(anonymous_0)","decl":{"start":{"line":12,"column":4},"end":{"line":12,"column":9}},"loc":{"start":{"line":12,"column":21},"end":{"line":15,"column":null}},"line":12},"1":{"name":"getHighlighter","decl":{"start":{"line":18,"column":9},"end":{"line":18,"column":26}},"loc":{"start":{"line":18,"column":26},"end":{"line":26,"column":null}},"line":18},"2":{"name":"ShikiCodeRenderer","decl":{"start":{"line":35,"column":24},"end":{"line":35,"column":42}},"loc":{"start":{"line":40,"column":27},"end":{"line":84,"column":null}},"line":40},"3":{"name":"(anonymous_3)","decl":{"start":{"line":48,"column":14},"end":{"line":48,"column":20}},"loc":{"start":{"line":48,"column":20},"end":{"line":72,"column":7}},"line":48},"4":{"name":"highlight","decl":{"start":{"line":51,"column":23},"end":{"line":51,"column":35}},"loc":{"start":{"line":51,"column":35},"end":{"line":68,"column":null}},"line":51},"5":{"name":"(anonymous_5)","decl":{"start":{"line":71,"column":15},"end":{"line":71,"column":21}},"loc":{"start":{"line":71,"column":21},"end":{"line":71,"column":null}},"line":71}},"branchMap":{"0":{"loc":{"start":{"line":19,"column":4},"end":{"line":24,"column":null}},"type":"if","locations":[{"start":{"line":19,"column":4},"end":{"line":24,"column":null}},{"start":{},"end":{}}],"line":19},"1":{"loc":{"start":{"line":37,"column":4},"end":{"line":37,"column":null}},"type":"default-arg","locations":[{"start":{"line":37,"column":15},"end":{"line":37,"column":null}}],"line":37},"2":{"loc":{"start":{"line":38,"column":4},"end":{"line":38,"column":null}},"type":"default-arg","locations":[{"start":{"line":38,"column":22},"end":{"line":38,"column":null}}],"line":38},"3":{"loc":{"start":{"line":45,"column":25},"end":{"line":45,"column":null}},"type":"cond-expr","locations":[{"start":{"line":45,"column":46},"end":{"line":45,"column":60}},{"start":{"line":45,"column":60},"end":{"line":45,"column":null}}],"line":45},"4":{"loc":{"start":{"line":46,"column":23},"end":{"line":46,"column":null}},"type":"cond-expr","locations":[{"start":{"line":46,"column":49},"end":{"line":46,"column":65}},{"start":{"line":46,"column":65},"end":{"line":46,"column":null}}],"line":46},"5":{"loc":{"start":{"line":54,"column":16},"end":{"line":54,"column":null}},"type":"if","locations":[{"start":{"line":54,"column":16},"end":{"line":54,"column":null}},{"start":{},"end":{}}],"line":54},"6":{"loc":{"start":{"line":59,"column":34},"end":{"line":59,"column":null}},"type":"cond-expr","locations":[{"start":{"line":59,"column":52},"end":{"line":59,"column":79}},{"start":{"line":59,"column":79},"end":{"line":59,"column":null}}],"line":59},"7":{"loc":{"start":{"line":66,"column":16},"end":{"line":66,"column":null}},"type":"if","locations":[{"start":{"line":66,"column":16},"end":{"line":66,"column":null}},{"start":{},"end":{}}],"line":66},"8":{"loc":{"start":{"line":74,"column":4},"end":{"line":76,"column":null}},"type":"if","locations":[{"start":{"line":74,"column":4},"end":{"line":76,"column":null}},{"start":{},"end":{}}],"line":74}},"s":{"0":1,"1":1,"2":0,"3":0,"4":5,"5":1,"6":5,"7":9,"8":9,"9":9,"10":9,"11":9,"12":9,"13":5,"14":5,"15":5,"16":5,"17":0,"18":5,"19":5,"20":5,"21":1,"22":1,"23":1,"24":5,"25":5,"26":5,"27":9,"28":4,"29":5},"f":{"0":0,"1":5,"2":9,"3":5,"4":5,"5":5},"b":{"0":[1,4],"1":[9],"2":[9],"3":[0,9],"4":[8,1],"5":[0,5],"6":[0,5],"7":[1,0],"8":[4,5]},"meta":{"lastBranch":9,"lastFunction":6,"lastStatement":30,"seen":{"s:8:54:8:Infinity":0,"s:10:49:16:Infinity":1,"f:12:4:12:9":0,"s:13:8:13:Infinity":2,"s:14:8:14:Infinity":3,"f:18:9:18:26":1,"b:19:4:24:Infinity:undefined:undefined:undefined:undefined":0,"s:19:4:24:Infinity":4,"s:20:8:23:Infinity":5,"s:25:4:25:Infinity":6,"f:35:24:35:42":2,"b:37:15:37:Infinity":1,"b:38:22:38:Infinity":2,"s:41:24:41:Infinity":7,"s:42:34:42:Infinity":8,"s:43:31:43:Infinity":9,"s:45:25:45:Infinity":10,"b:45:46:45:60:45:60:45:Infinity":3,"s:46:23:46:Infinity":11,"b:46:49:46:65:46:65:46:Infinity":4,"s:48:4:72:Infinity":12,"f:48:14:48:20":3,"s:49:24:49:Infinity":13,"f:51:23:51:35":4,"s:52:12:67:Infinity":14,"s:53:36:53:Infinity":15,"b:54:16:54:Infinity:undefined:undefined:undefined:undefined":5,"s:54:16:54:Infinity":16,"s:54:32:54:Infinity":17,"s:56:40:60:Infinity":18,"b:59:52:59:79:59:79:59:Infinity":6,"s:62:16:62:Infinity":19,"s:63:16:63:Infinity":20,"s:65:16:65:Infinity":21,"b:66:16:66:Infinity:undefined:undefined:undefined:undefined":7,"s:66:16:66:Infinity":22,"s:66:31:66:Infinity":23,"s:70:8:70:Infinity":24,"s:71:8:71:Infinity":25,"f:71:15:71:21":5,"s:71:23:71:42":26,"b:74:4:76:Infinity:undefined:undefined:undefined:undefined":8,"s:74:4:76:Infinity":27,"s:75:8:75:Infinity":28,"s:78:4:82:Infinity":29}}},"/Users/xiangyu/code_checker/src/components/RequestList.tsx":{"path":"/Users/xiangyu/code_checker/src/components/RequestList.tsx","statementMap":{"0":{"start":{"line":19,"column":18},"end":{"line":23,"column":null}},"1":{"start":{"line":26,"column":10},"end":{"line":26,"column":null}},"2":{"start":{"line":27,"column":10},"end":{"line":27,"column":null}},"3":{"start":{"line":28,"column":18},"end":{"line":28,"column":null}},"4":{"start":{"line":29,"column":10},"end":{"line":29,"column":null}},"5":{"start":{"line":30,"column":40},"end":{"line":30,"column":null}},"6":{"start":{"line":31,"column":24},"end":{"line":31,"column":null}},"7":{"start":{"line":32,"column":45},"end":{"line":32,"column":null}},"8":{"start":{"line":40,"column":8},"end":{"line":49,"column":null}},"9":{"start":{"line":44,"column":16},"end":{"line":44,"column":null}},"10":{"start":{"line":44,"column":42},"end":{"line":44,"column":null}},"11":{"start":{"line":45,"column":16},"end":{"line":45,"column":null}},"12":{"start":{"line":51,"column":21},"end":{"line":51,"column":null}},"13":{"start":{"line":53,"column":4},"end":{"line":57,"column":null}},"14":{"start":{"line":54,"column":8},"end":{"line":56,"column":null}},"15":{"start":{"line":55,"column":12},"end":{"line":55,"column":null}},"16":{"start":{"line":59,"column":25},"end":{"line":64,"column":null}},"17":{"start":{"line":66,"column":26},"end":{"line":70,"column":null}},"18":{"start":{"line":67,"column":8},"end":{"line":67,"column":null}},"19":{"start":{"line":68,"column":8},"end":{"line":68,"column":null}},"20":{"start":{"line":69,"column":8},"end":{"line":69,"column":null}},"21":{"start":{"line":69,"column":25},"end":{"line":69,"column":49}},"22":{"start":{"line":72,"column":4},"end":{"line":91,"column":null}},"23":{"start":{"line":73,"column":8},"end":{"line":89,"column":null}},"24":{"start":{"line":80,"column":24},"end":{"line":86,"column":null}},"25":{"start":{"line":93,"column":4},"end":{"line":115,"column":null}},"26":{"start":{"line":94,"column":8},"end":{"line":113,"column":null}},"27":{"start":{"line":117,"column":4},"end":{"line":225,"column":null}},"28":{"start":{"line":149,"column":39},"end":{"line":149,"column":null}},"29":{"start":{"line":150,"column":43},"end":{"line":150,"column":null}},"30":{"start":{"line":151,"column":43},"end":{"line":151,"column":null}},"31":{"start":{"line":153,"column":24},"end":{"line":204,"column":null}},"32":{"start":{"line":162,"column":47},"end":{"line":162,"column":null}}},"fnMap":{"0":{"name":"RequestList","decl":{"start":{"line":25,"column":24},"end":{"line":25,"column":38}},"loc":{"start":{"line":25,"column":38},"end":{"line":227,"column":null}},"line":25},"1":{"name":"(anonymous_1)","decl":{"start":{"line":43,"column":30},"end":{"line":43,"column":31}},"loc":{"start":{"line":43,"column":51},"end":{"line":46,"column":null}},"line":43},"2":{"name":"(anonymous_2)","decl":{"start":{"line":53,"column":14},"end":{"line":53,"column":20}},"loc":{"start":{"line":53,"column":20},"end":{"line":57,"column":7}},"line":53},"3":{"name":"(anonymous_3)","decl":{"start":{"line":66,"column":26},"end":{"line":66,"column":38}},"loc":{"start":{"line":66,"column":38},"end":{"line":70,"column":null}},"line":66},"4":{"name":"(anonymous_4)","decl":{"start":{"line":69,"column":19},"end":{"line":69,"column":25}},"loc":{"start":{"line":69,"column":25},"end":{"line":69,"column":49}},"line":69},"5":{"name":"(anonymous_5)","decl":{"start":{"line":79,"column":41},"end":{"line":79,"column":42}},"loc":{"start":{"line":80,"column":24},"end":{"line":86,"column":null}},"line":80},"6":{"name":"(anonymous_6)","decl":{"start":{"line":148,"column":34},"end":{"line":148,"column":35}},"loc":{"start":{"line":148,"column":52},"end":{"line":206,"column":21}},"line":148},"7":{"name":"(anonymous_7)","decl":{"start":{"line":162,"column":41},"end":{"line":162,"column":47}},"loc":{"start":{"line":162,"column":47},"end":{"line":162,"column":null}},"line":162}},"branchMap":{"0":{"loc":{"start":{"line":44,"column":16},"end":{"line":44,"column":null}},"type":"if","locations":[{"start":{"line":44,"column":16},"end":{"line":44,"column":null}},{"start":{},"end":{}}],"line":44},"1":{"loc":{"start":{"line":51,"column":21},"end":{"line":51,"column":null}},"type":"binary-expr","locations":[{"start":{"line":51,"column":21},"end":{"line":51,"column":51}},{"start":{"line":51,"column":51},"end":{"line":51,"column":null}}],"line":51},"2":{"loc":{"start":{"line":54,"column":8},"end":{"line":56,"column":null}},"type":"if","locations":[{"start":{"line":54,"column":8},"end":{"line":56,"column":null}},{"start":{},"end":{}}],"line":54},"3":{"loc":{"start":{"line":54,"column":12},"end":{"line":54,"column":58}},"type":"binary-expr","locations":[{"start":{"line":54,"column":12},"end":{"line":54,"column":22}},{"start":{"line":54,"column":22},"end":{"line":54,"column":37}},{"start":{"line":54,"column":37},"end":{"line":54,"column":58}}],"line":54},"4":{"loc":{"start":{"line":72,"column":4},"end":{"line":91,"column":null}},"type":"if","locations":[{"start":{"line":72,"column":4},"end":{"line":91,"column":null}},{"start":{},"end":{}}],"line":72},"5":{"loc":{"start":{"line":72,"column":8},"end":{"line":72,"column":36}},"type":"binary-expr","locations":[{"start":{"line":72,"column":8},"end":{"line":72,"column":21}},{"start":{"line":72,"column":21},"end":{"line":72,"column":36}}],"line":72},"6":{"loc":{"start":{"line":93,"column":4},"end":{"line":115,"column":null}},"type":"if","locations":[{"start":{"line":93,"column":4},"end":{"line":115,"column":null}},{"start":{},"end":{}}],"line":93},"7":{"loc":{"start":{"line":99,"column":64},"end":{"line":99,"column":94}},"type":"binary-expr","locations":[{"start":{"line":99,"column":64},"end":{"line":99,"column":80}},{"start":{"line":99,"column":80},"end":{"line":99,"column":94}}],"line":99},"8":{"loc":{"start":{"line":131,"column":60},"end":{"line":131,"column":90}},"type":"binary-expr","locations":[{"start":{"line":131,"column":60},"end":{"line":131,"column":76}},{"start":{"line":131,"column":76},"end":{"line":131,"column":90}}],"line":131},"9":{"loc":{"start":{"line":149,"column":39},"end":{"line":149,"column":null}},"type":"binary-expr","locations":[{"start":{"line":149,"column":39},"end":{"line":149,"column":100}},{"start":{"line":149,"column":100},"end":{"line":149,"column":null}}],"line":149},"10":{"loc":{"start":{"line":158,"column":36},"end":{"line":160,"column":null}},"type":"cond-expr","locations":[{"start":{"line":159,"column":42},"end":{"line":159,"column":null}},{"start":{"line":160,"column":42},"end":{"line":160,"column":null}}],"line":158},"11":{"loc":{"start":{"line":188,"column":41},"end":{"line":188,"column":null}},"type":"binary-expr","locations":[{"start":{"line":188,"column":41},"end":{"line":188,"column":63}},{"start":{"line":188,"column":63},"end":{"line":188,"column":null}}],"line":188},"12":{"loc":{"start":{"line":212,"column":25},"end":{"line":220,"column":null}},"type":"binary-expr","locations":[{"start":{"line":212,"column":25},"end":{"line":212,"column":null}},{"start":{"line":213,"column":28},"end":{"line":220,"column":null}}],"line":212}},"s":{"0":1,"1":10,"2":10,"3":10,"4":10,"5":10,"6":10,"7":10,"8":10,"9":0,"10":0,"11":0,"12":10,"13":10,"14":6,"15":0,"16":10,"17":10,"18":1,"19":1,"20":1,"21":0,"22":10,"23":1,"24":5,"25":9,"26":3,"27":6,"28":8,"29":8,"30":8,"31":8,"32":1},"f":{"0":10,"1":0,"2":6,"3":1,"4":0,"5":5,"6":8,"7":1},"b":{"0":[0,0],"1":[10,1],"2":[0,6],"3":[6,0,0],"4":[1,9],"5":[10,1],"6":[3,6],"7":[3,1],"8":[6,0],"9":[8,0],"10":[2,6],"11":[8,0],"12":[10,0]},"meta":{"lastBranch":13,"lastFunction":8,"lastStatement":33,"seen":{"s:19:18:23:Infinity":0,"f:25:24:25:38":0,"s:26:10:26:Infinity":1,"s:27:10:27:Infinity":2,"s:28:18:28:Infinity":3,"s:29:10:29:Infinity":4,"s:30:40:30:Infinity":5,"s:31:24:31:Infinity":6,"s:32:45:32:Infinity":7,"s:40:8:49:Infinity":8,"f:43:30:43:31":1,"b:44:16:44:Infinity:undefined:undefined:undefined:undefined":0,"s:44:16:44:Infinity":9,"s:44:42:44:Infinity":10,"s:45:16:45:Infinity":11,"s:51:21:51:Infinity":12,"b:51:21:51:51:51:51:51:Infinity":1,"s:53:4:57:Infinity":13,"f:53:14:53:20":2,"b:54:8:56:Infinity:undefined:undefined:undefined:undefined":2,"s:54:8:56:Infinity":14,"b:54:12:54:22:54:22:54:37:54:37:54:58":3,"s:55:12:55:Infinity":15,"s:59:25:64:Infinity":16,"s:66:26:70:Infinity":17,"f:66:26:66:38":3,"s:67:8:67:Infinity":18,"s:68:8:68:Infinity":19,"s:69:8:69:Infinity":20,"f:69:19:69:25":4,"s:69:25:69:49":21,"b:72:4:91:Infinity:undefined:undefined:undefined:undefined":4,"s:72:4:91:Infinity":22,"b:72:8:72:21:72:21:72:36":5,"s:73:8:89:Infinity":23,"f:79:41:79:42":5,"s:80:24:86:Infinity":24,"b:93:4:115:Infinity:undefined:undefined:undefined:undefined":6,"s:93:4:115:Infinity":25,"s:94:8:113:Infinity":26,"b:99:64:99:80:99:80:99:94":7,"s:117:4:225:Infinity":27,"b:131:60:131:76:131:76:131:90":8,"f:148:34:148:35":6,"s:149:39:149:Infinity":28,"b:149:39:149:100:149:100:149:Infinity":9,"s:150:43:150:Infinity":29,"s:151:43:151:Infinity":30,"s:153:24:204:Infinity":31,"b:159:42:159:Infinity:160:42:160:Infinity":10,"f:162:41:162:47":7,"s:162:47:162:Infinity":32,"b:188:41:188:63:188:63:188:Infinity":11,"b:212:25:212:Infinity:213:28:220:Infinity":12}}},"/Users/xiangyu/code_checker/src/components/ThemeSwitcher.tsx":{"path":"/Users/xiangyu/code_checker/src/components/ThemeSwitcher.tsx","statementMap":{"0":{"start":{"line":9,"column":28},"end":{"line":9,"column":null}},"1":{"start":{"line":10,"column":30},"end":{"line":10,"column":null}},"2":{"start":{"line":12,"column":4},"end":{"line":14,"column":null}},"3":{"start":{"line":13,"column":8},"end":{"line":13,"column":null}},"4":{"start":{"line":16,"column":4},"end":{"line":22,"column":null}},"5":{"start":{"line":17,"column":8},"end":{"line":20,"column":null}},"6":{"start":{"line":24,"column":4},"end":{"line":33,"column":null}},"7":{"start":{"line":28,"column":27},"end":{"line":28,"column":null}}},"fnMap":{"0":{"name":"ThemeSwitcher","decl":{"start":{"line":8,"column":24},"end":{"line":8,"column":40}},"loc":{"start":{"line":8,"column":40},"end":{"line":35,"column":null}},"line":8},"1":{"name":"(anonymous_1)","decl":{"start":{"line":12,"column":14},"end":{"line":12,"column":20}},"loc":{"start":{"line":12,"column":20},"end":{"line":14,"column":7}},"line":12},"2":{"name":"(anonymous_2)","decl":{"start":{"line":28,"column":21},"end":{"line":28,"column":27}},"loc":{"start":{"line":28,"column":27},"end":{"line":28,"column":null}},"line":28}},"branchMap":{"0":{"loc":{"start":{"line":16,"column":4},"end":{"line":22,"column":null}},"type":"if","locations":[{"start":{"line":16,"column":4},"end":{"line":22,"column":null}},{"start":{},"end":{}}],"line":16},"1":{"loc":{"start":{"line":28,"column":36},"end":{"line":28,"column":71}},"type":"cond-expr","locations":[{"start":{"line":28,"column":55},"end":{"line":28,"column":65}},{"start":{"line":28,"column":65},"end":{"line":28,"column":71}}],"line":28}},"s":{"0":4,"1":4,"2":4,"3":2,"4":4,"5":2,"6":2,"7":1},"f":{"0":4,"1":2,"2":1},"b":{"0":[2,2],"1":[0,1]},"meta":{"lastBranch":2,"lastFunction":3,"lastStatement":8,"seen":{"f:8:24:8:40":0,"s:9:28:9:Infinity":0,"s:10:30:10:Infinity":1,"s:12:4:14:Infinity":2,"f:12:14:12:20":1,"s:13:8:13:Infinity":3,"b:16:4:22:Infinity:undefined:undefined:undefined:undefined":0,"s:16:4:22:Infinity":4,"s:17:8:20:Infinity":5,"s:24:4:33:Infinity":6,"f:28:21:28:27":2,"s:28:27:28:Infinity":7,"b:28:55:28:65:28:65:28:71":1}}},"/Users/xiangyu/code_checker/src/components/SubmissionForm.tsx":{"path":"/Users/xiangyu/code_checker/src/components/SubmissionForm.tsx","statementMap":{"0":{"start":{"line":21,"column":18},"end":{"line":27,"column":null}},"1":{"start":{"line":22,"column":4},"end":{"line":27,"column":null}},"2":{"start":{"line":23,"column":23},"end":{"line":23,"column":null}},"3":{"start":{"line":24,"column":8},"end":{"line":24,"column":null}},"4":{"start":{"line":25,"column":8},"end":{"line":25,"column":null}},"5":{"start":{"line":25,"column":30},"end":{"line":25,"column":null}},"6":{"start":{"line":26,"column":8},"end":{"line":26,"column":null}},"7":{"start":{"line":26,"column":36},"end":{"line":26,"column":null}},"8":{"start":{"line":30,"column":10},"end":{"line":30,"column":null}},"9":{"start":{"line":31,"column":18},"end":{"line":31,"column":null}},"10":{"start":{"line":32,"column":36},"end":{"line":32,"column":null}},"11":{"start":{"line":33,"column":26},"end":{"line":33,"column":null}},"12":{"start":{"line":34,"column":40},"end":{"line":34,"column":null}},"13":{"start":{"line":35,"column":36},"end":{"line":35,"column":null}},"14":{"start":{"line":36,"column":10},"end":{"line":36,"column":null}},"15":{"start":{"line":38,"column":27},"end":{"line":51,"column":null}},"16":{"start":{"line":40,"column":12},"end":{"line":40,"column":null}},"17":{"start":{"line":41,"column":12},"end":{"line":41,"column":null}},"18":{"start":{"line":42,"column":12},"end":{"line":42,"column":null}},"19":{"start":{"line":43,"column":12},"end":{"line":43,"column":null}},"20":{"start":{"line":44,"column":12},"end":{"line":44,"column":null}},"21":{"start":{"line":45,"column":12},"end":{"line":45,"column":null}},"22":{"start":{"line":48,"column":12},"end":{"line":48,"column":null}},"23":{"start":{"line":49,"column":12},"end":{"line":49,"column":null}},"24":{"start":{"line":53,"column":25},"end":{"line":78,"column":null}},"25":{"start":{"line":54,"column":74},"end":{"line":54,"column":null}},"26":{"start":{"line":55,"column":26},"end":{"line":55,"column":null}},"27":{"start":{"line":57,"column":8},"end":{"line":72,"column":null}},"28":{"start":{"line":58,"column":12},"end":{"line":71,"column":null}},"29":{"start":{"line":59,"column":16},"end":{"line":62,"column":null}},"30":{"start":{"line":60,"column":20},"end":{"line":60,"column":null}},"31":{"start":{"line":61,"column":20},"end":{"line":61,"column":null}},"32":{"start":{"line":63,"column":16},"end":{"line":68,"column":null}},"33":{"start":{"line":64,"column":36},"end":{"line":64,"column":null}},"34":{"start":{"line":65,"column":20},"end":{"line":65,"column":null}},"35":{"start":{"line":67,"column":20},"end":{"line":67,"column":null}},"36":{"start":{"line":70,"column":16},"end":{"line":70,"column":null}},"37":{"start":{"line":74,"column":8},"end":{"line":77,"column":null}},"38":{"start":{"line":75,"column":12},"end":{"line":75,"column":null}},"39":{"start":{"line":75,"column":29},"end":{"line":75,"column":65}},"40":{"start":{"line":76,"column":12},"end":{"line":76,"column":null}},"41":{"start":{"line":80,"column":29},"end":{"line":83,"column":null}},"42":{"start":{"line":81,"column":8},"end":{"line":81,"column":null}},"43":{"start":{"line":81,"column":23},"end":{"line":81,"column":null}},"44":{"start":{"line":82,"column":8},"end":{"line":82,"column":null}},"45":{"start":{"line":85,"column":23},"end":{"line":88,"column":null}},"46":{"start":{"line":86,"column":8},"end":{"line":86,"column":null}},"47":{"start":{"line":86,"column":25},"end":{"line":86,"column":54}},"48":{"start":{"line":86,"column":42},"end":{"line":86,"column":53}},"49":{"start":{"line":87,"column":8},"end":{"line":87,"column":null}},"50":{"start":{"line":90,"column":25},"end":{"line":110,"column":null}},"51":{"start":{"line":91,"column":8},"end":{"line":91,"column":null}},"52":{"start":{"line":92,"column":23},"end":{"line":92,"column":null}},"53":{"start":{"line":94,"column":8},"end":{"line":97,"column":null}},"54":{"start":{"line":95,"column":12},"end":{"line":95,"column":null}},"55":{"start":{"line":96,"column":12},"end":{"line":96,"column":null}},"56":{"start":{"line":99,"column":8},"end":{"line":99,"column":null}},"57":{"start":{"line":100,"column":32},"end":{"line":100,"column":null}},"58":{"start":{"line":100,"column":47},"end":{"line":100,"column":56}},"59":{"start":{"line":102,"column":8},"end":{"line":109,"column":null}},"60":{"start":{"line":103,"column":12},"end":{"line":106,"column":null}},"61":{"start":{"line":112,"column":10},"end":{"line":131,"column":null}},"62":{"start":{"line":113,"column":22},"end":{"line":113,"column":null}},"63":{"start":{"line":114,"column":8},"end":{"line":114,"column":null}},"64":{"start":{"line":114,"column":20},"end":{"line":114,"column":null}},"65":{"start":{"line":116,"column":36},"end":{"line":116,"column":null}},"66":{"start":{"line":117,"column":8},"end":{"line":125,"column":null}},"67":{"start":{"line":117,"column":21},"end":{"line":117,"column":24}},"68":{"start":{"line":118,"column":12},"end":{"line":124,"column":null}},"69":{"start":{"line":119,"column":29},"end":{"line":119,"column":null}},"70":{"start":{"line":120,"column":16},"end":{"line":123,"column":null}},"71":{"start":{"line":121,"column":33},"end":{"line":121,"column":null}},"72":{"start":{"line":122,"column":20},"end":{"line":122,"column":null}},"73":{"start":{"line":127,"column":8},"end":{"line":130,"column":null}},"74":{"start":{"line":128,"column":12},"end":{"line":128,"column":null}},"75":{"start":{"line":129,"column":12},"end":{"line":129,"column":null}},"76":{"start":{"line":133,"column":24},"end":{"line":138,"column":null}},"77":{"start":{"line":134,"column":8},"end":{"line":134,"column":null}},"78":{"start":{"line":134,"column":47},"end":{"line":134,"column":null}},"79":{"start":{"line":135,"column":8},"end":{"line":135,"column":null}},"80":{"start":{"line":136,"column":8},"end":{"line":136,"column":null}},"81":{"start":{"line":137,"column":8},"end":{"line":137,"column":null}},"82":{"start":{"line":140,"column":27},"end":{"line":143,"column":null}},"83":{"start":{"line":141,"column":8},"end":{"line":141,"column":null}},"84":{"start":{"line":142,"column":8},"end":{"line":142,"column":null}},"85":{"start":{"line":142,"column":25},"end":{"line":142,"column":null}},"86":{"start":{"line":145,"column":28},"end":{"line":148,"column":null}},"87":{"start":{"line":146,"column":8},"end":{"line":146,"column":null}},"88":{"start":{"line":147,"column":8},"end":{"line":147,"column":null}},"89":{"start":{"line":150,"column":23},"end":{"line":157,"column":null}},"90":{"start":{"line":151,"column":8},"end":{"line":151,"column":null}},"91":{"start":{"line":152,"column":8},"end":{"line":152,"column":null}},"92":{"start":{"line":154,"column":8},"end":{"line":156,"column":null}},"93":{"start":{"line":155,"column":12},"end":{"line":155,"column":null}},"94":{"start":{"line":159,"column":4},"end":{"line":284,"column":null}},"95":{"start":{"line":172,"column":41},"end":{"line":172,"column":null}},"96":{"start":{"line":192,"column":36},"end":{"line":220,"column":null}},"97":{"start":{"line":212,"column":84},"end":{"line":212,"column":105}},"98":{"start":{"line":212,"column":105},"end":{"line":212,"column":126}},"99":{"start":{"line":232,"column":39},"end":{"line":232,"column":null}},"100":{"start":{"line":243,"column":45},"end":{"line":243,"column":null}}},"fnMap":{"0":{"name":"(anonymous_0)","decl":{"start":{"line":21,"column":18},"end":{"line":21,"column":19}},"loc":{"start":{"line":22,"column":4},"end":{"line":27,"column":null}},"line":22},"1":{"name":"(anonymous_1)","decl":{"start":{"line":22,"column":16},"end":{"line":22,"column":17}},"loc":{"start":{"line":22,"column":37},"end":{"line":27,"column":5}},"line":22},"2":{"name":"(anonymous_2)","decl":{"start":{"line":25,"column":24},"end":{"line":25,"column":30}},"loc":{"start":{"line":25,"column":30},"end":{"line":25,"column":null}},"line":25},"3":{"name":"(anonymous_3)","decl":{"start":{"line":26,"column":25},"end":{"line":26,"column":26}},"loc":{"start":{"line":26,"column":36},"end":{"line":26,"column":null}},"line":26},"4":{"name":"SubmissionForm","decl":{"start":{"line":29,"column":24},"end":{"line":29,"column":39}},"loc":{"start":{"line":29,"column":85},"end":{"line":286,"column":null}},"line":29},"5":{"name":"(anonymous_5)","decl":{"start":{"line":39,"column":19},"end":{"line":39,"column":20}},"loc":{"start":{"line":39,"column":29},"end":{"line":46,"column":null}},"line":39},"6":{"name":"(anonymous_6)","decl":{"start":{"line":47,"column":17},"end":{"line":47,"column":18}},"loc":{"start":{"line":47,"column":28},"end":{"line":50,"column":null}},"line":47},"7":{"name":"(anonymous_7)","decl":{"start":{"line":53,"column":25},"end":{"line":53,"column":32}},"loc":{"start":{"line":53,"column":64},"end":{"line":78,"column":null}},"line":53},"8":{"name":"(anonymous_8)","decl":{"start":{"line":75,"column":21},"end":{"line":75,"column":29}},"loc":{"start":{"line":75,"column":29},"end":{"line":75,"column":65}},"line":75},"9":{"name":"(anonymous_9)","decl":{"start":{"line":80,"column":29},"end":{"line":80,"column":30}},"loc":{"start":{"line":80,"column":60},"end":{"line":83,"column":null}},"line":80},"10":{"name":"(anonymous_10)","decl":{"start":{"line":85,"column":23},"end":{"line":85,"column":24}},"loc":{"start":{"line":85,"column":39},"end":{"line":88,"column":null}},"line":85},"11":{"name":"(anonymous_11)","decl":{"start":{"line":86,"column":17},"end":{"line":86,"column":25}},"loc":{"start":{"line":86,"column":25},"end":{"line":86,"column":54}},"line":86},"12":{"name":"(anonymous_12)","decl":{"start":{"line":86,"column":37},"end":{"line":86,"column":42}},"loc":{"start":{"line":86,"column":42},"end":{"line":86,"column":53}},"line":86},"13":{"name":"(anonymous_13)","decl":{"start":{"line":90,"column":25},"end":{"line":90,"column":32}},"loc":{"start":{"line":90,"column":55},"end":{"line":110,"column":null}},"line":90},"14":{"name":"(anonymous_14)","decl":{"start":{"line":100,"column":42},"end":{"line":100,"column":47}},"loc":{"start":{"line":100,"column":47},"end":{"line":100,"column":56}},"line":100},"15":{"name":"(anonymous_15)","decl":{"start":{"line":112,"column":36},"end":{"line":112,"column":43}},"loc":{"start":{"line":112,"column":75},"end":{"line":131,"column":7}},"line":112},"16":{"name":"(anonymous_16)","decl":{"start":{"line":133,"column":24},"end":{"line":133,"column":30}},"loc":{"start":{"line":133,"column":30},"end":{"line":138,"column":null}},"line":133},"17":{"name":"(anonymous_17)","decl":{"start":{"line":140,"column":27},"end":{"line":140,"column":28}},"loc":{"start":{"line":140,"column":51},"end":{"line":143,"column":null}},"line":140},"18":{"name":"(anonymous_18)","decl":{"start":{"line":145,"column":28},"end":{"line":145,"column":29}},"loc":{"start":{"line":145,"column":52},"end":{"line":148,"column":null}},"line":145},"19":{"name":"(anonymous_19)","decl":{"start":{"line":150,"column":23},"end":{"line":150,"column":30}},"loc":{"start":{"line":150,"column":53},"end":{"line":157,"column":null}},"line":150},"20":{"name":"(anonymous_20)","decl":{"start":{"line":172,"column":34},"end":{"line":172,"column":35}},"loc":{"start":{"line":172,"column":41},"end":{"line":172,"column":null}},"line":172},"21":{"name":"(anonymous_21)","decl":{"start":{"line":191,"column":43},"end":{"line":191,"column":44}},"loc":{"start":{"line":192,"column":36},"end":{"line":220,"column":null}},"line":192},"22":{"name":"(anonymous_22)","decl":{"start":{"line":212,"column":57},"end":{"line":212,"column":58}},"loc":{"start":{"line":212,"column":82},"end":{"line":212,"column":null}},"line":212},"23":{"name":"(anonymous_23)","decl":{"start":{"line":232,"column":33},"end":{"line":232,"column":39}},"loc":{"start":{"line":232,"column":39},"end":{"line":232,"column":null}},"line":232},"24":{"name":"(anonymous_24)","decl":{"start":{"line":243,"column":38},"end":{"line":243,"column":39}},"loc":{"start":{"line":243,"column":45},"end":{"line":243,"column":null}},"line":243}},"branchMap":{"0":{"loc":{"start":{"line":48,"column":24},"end":{"line":48,"column":58}},"type":"binary-expr","locations":[{"start":{"line":48,"column":24},"end":{"line":48,"column":41}},{"start":{"line":48,"column":41},"end":{"line":48,"column":58}}],"line":48},"1":{"loc":{"start":{"line":55,"column":26},"end":{"line":55,"column":null}},"type":"cond-expr","locations":[{"start":{"line":55,"column":57},"end":{"line":55,"column":80}},{"start":{"line":55,"column":80},"end":{"line":55,"column":null}}],"line":55},"2":{"loc":{"start":{"line":58,"column":12},"end":{"line":71,"column":null}},"type":"if","locations":[{"start":{"line":58,"column":12},"end":{"line":71,"column":null}},{"start":{"line":69,"column":19},"end":{"line":71,"column":null}}],"line":58},"3":{"loc":{"start":{"line":59,"column":16},"end":{"line":62,"column":null}},"type":"if","locations":[{"start":{"line":59,"column":16},"end":{"line":62,"column":null}},{"start":{},"end":{}}],"line":59},"4":{"loc":{"start":{"line":74,"column":8},"end":{"line":77,"column":null}},"type":"if","locations":[{"start":{"line":74,"column":8},"end":{"line":77,"column":null}},{"start":{},"end":{}}],"line":74},"5":{"loc":{"start":{"line":81,"column":8},"end":{"line":81,"column":null}},"type":"if","locations":[{"start":{"line":81,"column":8},"end":{"line":81,"column":null}},{"start":{},"end":{}}],"line":81},"6":{"loc":{"start":{"line":94,"column":8},"end":{"line":97,"column":null}},"type":"if","locations":[{"start":{"line":94,"column":8},"end":{"line":97,"column":null}},{"start":{},"end":{}}],"line":94},"7":{"loc":{"start":{"line":94,"column":12},"end":{"line":94,"column":43}},"type":"binary-expr","locations":[{"start":{"line":94,"column":12},"end":{"line":94,"column":23}},{"start":{"line":94,"column":23},"end":{"line":94,"column":43}}],"line":94},"8":{"loc":{"start":{"line":104,"column":28},"end":{"line":104,"column":null}},"type":"binary-expr","locations":[{"start":{"line":104,"column":28},"end":{"line":104,"column":38}},{"start":{"line":104,"column":38},"end":{"line":104,"column":null}}],"line":104},"9":{"loc":{"start":{"line":105,"column":33},"end":{"line":105,"column":null}},"type":"cond-expr","locations":[{"start":{"line":105,"column":62},"end":{"line":105,"column":80}},{"start":{"line":105,"column":80},"end":{"line":105,"column":null}}],"line":105},"10":{"loc":{"start":{"line":114,"column":8},"end":{"line":114,"column":null}},"type":"if","locations":[{"start":{"line":114,"column":8},"end":{"line":114,"column":null}},{"start":{},"end":{}}],"line":114},"11":{"loc":{"start":{"line":118,"column":12},"end":{"line":124,"column":null}},"type":"if","locations":[{"start":{"line":118,"column":12},"end":{"line":124,"column":null}},{"start":{},"end":{}}],"line":118},"12":{"loc":{"start":{"line":120,"column":16},"end":{"line":123,"column":null}},"type":"if","locations":[{"start":{"line":120,"column":16},"end":{"line":123,"column":null}},{"start":{},"end":{}}],"line":120},"13":{"loc":{"start":{"line":127,"column":8},"end":{"line":130,"column":null}},"type":"if","locations":[{"start":{"line":127,"column":8},"end":{"line":130,"column":null}},{"start":{},"end":{}}],"line":127},"14":{"loc":{"start":{"line":134,"column":8},"end":{"line":134,"column":null}},"type":"if","locations":[{"start":{"line":134,"column":8},"end":{"line":134,"column":null}},{"start":{},"end":{}}],"line":134},"15":{"loc":{"start":{"line":134,"column":12},"end":{"line":134,"column":47}},"type":"binary-expr","locations":[{"start":{"line":134,"column":12},"end":{"line":134,"column":27}},{"start":{"line":134,"column":27},"end":{"line":134,"column":47}}],"line":134},"16":{"loc":{"start":{"line":142,"column":8},"end":{"line":142,"column":null}},"type":"if","locations":[{"start":{"line":142,"column":8},"end":{"line":142,"column":null}},{"start":{},"end":{}}],"line":142},"17":{"loc":{"start":{"line":154,"column":8},"end":{"line":156,"column":null}},"type":"if","locations":[{"start":{"line":154,"column":8},"end":{"line":156,"column":null}},{"start":{},"end":{}}],"line":154},"18":{"loc":{"start":{"line":154,"column":12},"end":{"line":154,"column":69}},"type":"binary-expr","locations":[{"start":{"line":154,"column":12},"end":{"line":154,"column":36}},{"start":{"line":154,"column":36},"end":{"line":154,"column":69}}],"line":154},"19":{"loc":{"start":{"line":183,"column":25},"end":{"line":222,"column":null}},"type":"binary-expr","locations":[{"start":{"line":183,"column":25},"end":{"line":183,"column":null}},{"start":{"line":184,"column":28},"end":{"line":222,"column":null}}],"line":183},"20":{"loc":{"start":{"line":230,"column":28},"end":{"line":230,"column":null}},"type":"cond-expr","locations":[{"start":{"line":230,"column":41},"end":{"line":230,"column":73}},{"start":{"line":230,"column":73},"end":{"line":230,"column":null}}],"line":230},"21":{"loc":{"start":{"line":247,"column":29},"end":{"line":247,"column":null}},"type":"cond-expr","locations":[{"start":{"line":247,"column":43},"end":{"line":247,"column":57}},{"start":{"line":247,"column":57},"end":{"line":247,"column":null}}],"line":247},"22":{"loc":{"start":{"line":252,"column":64},"end":{"line":252,"column":103}},"type":"cond-expr","locations":[{"start":{"line":252,"column":77},"end":{"line":252,"column":87}},{"start":{"line":252,"column":87},"end":{"line":252,"column":103}}],"line":252},"23":{"loc":{"start":{"line":265,"column":30},"end":{"line":265,"column":null}},"type":"binary-expr","locations":[{"start":{"line":265,"column":30},"end":{"line":265,"column":47}},{"start":{"line":265,"column":47},"end":{"line":265,"column":62}},{"start":{"line":265,"column":62},"end":{"line":265,"column":null}}],"line":265},"24":{"loc":{"start":{"line":267,"column":21},"end":{"line":267,"column":null}},"type":"cond-expr","locations":[{"start":{"line":267,"column":36},"end":{"line":267,"column":83}},{"start":{"line":267,"column":83},"end":{"line":267,"column":null}}],"line":267}},"s":{"0":1,"1":3,"2":3,"3":3,"4":3,"5":3,"6":3,"7":0,"8":27,"9":27,"10":27,"11":27,"12":27,"13":27,"14":27,"15":27,"16":1,"17":1,"18":1,"19":1,"20":1,"21":1,"22":0,"23":0,"24":27,"25":3,"26":3,"27":3,"28":3,"29":3,"30":0,"31":0,"32":3,"33":3,"34":3,"35":0,"36":0,"37":3,"38":3,"39":3,"40":3,"41":27,"42":2,"43":0,"44":2,"45":27,"46":1,"47":1,"48":1,"49":1,"50":27,"51":1,"52":1,"53":1,"54":0,"55":0,"56":1,"57":1,"58":0,"59":1,"60":1,"61":27,"62":0,"63":0,"64":0,"65":0,"66":0,"67":0,"68":0,"69":0,"70":0,"71":0,"72":0,"73":0,"74":0,"75":0,"76":27,"77":1,"78":0,"79":1,"80":1,"81":1,"82":27,"83":1,"84":1,"85":1,"86":27,"87":0,"88":0,"89":27,"90":1,"91":1,"92":1,"93":1,"94":27,"95":11,"96":3,"97":1,"98":1,"99":867,"100":2},"f":{"0":3,"1":3,"2":3,"3":0,"4":27,"5":1,"6":0,"7":3,"8":3,"9":2,"10":1,"11":1,"12":1,"13":1,"14":0,"15":0,"16":1,"17":1,"18":0,"19":1,"20":11,"21":3,"22":1,"23":867,"24":2},"b":{"0":[0,0],"1":[2,1],"2":[3,0],"3":[0,3],"4":[3,0],"5":[0,2],"6":[0,1],"7":[1,0],"8":[1,0],"9":[0,1],"10":[0,0],"11":[0,0],"12":[0,0],"13":[0,0],"14":[0,1],"15":[1,0],"16":[1,0],"17":[1,0],"18":[1,1],"19":[27,3],"20":[1,26],"21":[1,26],"22":[1,26],"23":[27,27,16],"24":[0,27]},"meta":{"lastBranch":25,"lastFunction":25,"lastStatement":101,"seen":{"s:21:18:27:Infinity":0,"f:21:18:21:19":0,"s:22:4:27:Infinity":1,"f:22:16:22:17":1,"s:23:23:23:Infinity":2,"s:24:8:24:Infinity":3,"s:25:8:25:Infinity":4,"f:25:24:25:30":2,"s:25:30:25:Infinity":5,"s:26:8:26:Infinity":6,"f:26:25:26:26":3,"s:26:36:26:Infinity":7,"f:29:24:29:39":4,"s:30:10:30:Infinity":8,"s:31:18:31:Infinity":9,"s:32:36:32:Infinity":10,"s:33:26:33:Infinity":11,"s:34:40:34:Infinity":12,"s:35:36:35:Infinity":13,"s:36:10:36:Infinity":14,"s:38:27:51:Infinity":15,"f:39:19:39:20":5,"s:40:12:40:Infinity":16,"s:41:12:41:Infinity":17,"s:42:12:42:Infinity":18,"s:43:12:43:Infinity":19,"s:44:12:44:Infinity":20,"s:45:12:45:Infinity":21,"f:47:17:47:18":6,"s:48:12:48:Infinity":22,"b:48:24:48:41:48:41:48:58":0,"s:49:12:49:Infinity":23,"s:53:25:78:Infinity":24,"f:53:25:53:32":7,"s:54:74:54:Infinity":25,"s:55:26:55:Infinity":26,"b:55:57:55:80:55:80:55:Infinity":1,"s:57:8:72:Infinity":27,"b:58:12:71:Infinity:69:19:71:Infinity":2,"s:58:12:71:Infinity":28,"b:59:16:62:Infinity:undefined:undefined:undefined:undefined":3,"s:59:16:62:Infinity":29,"s:60:20:60:Infinity":30,"s:61:20:61:Infinity":31,"s:63:16:68:Infinity":32,"s:64:36:64:Infinity":33,"s:65:20:65:Infinity":34,"s:67:20:67:Infinity":35,"s:70:16:70:Infinity":36,"b:74:8:77:Infinity:undefined:undefined:undefined:undefined":4,"s:74:8:77:Infinity":37,"s:75:12:75:Infinity":38,"f:75:21:75:29":8,"s:75:29:75:65":39,"s:76:12:76:Infinity":40,"s:80:29:83:Infinity":41,"f:80:29:80:30":9,"b:81:8:81:Infinity:undefined:undefined:undefined:undefined":5,"s:81:8:81:Infinity":42,"s:81:23:81:Infinity":43,"s:82:8:82:Infinity":44,"s:85:23:88:Infinity":45,"f:85:23:85:24":10,"s:86:8:86:Infinity":46,"f:86:17:86:25":11,"s:86:25:86:54":47,"f:86:37:86:42":12,"s:86:42:86:53":48,"s:87:8:87:Infinity":49,"s:90:25:110:Infinity":50,"f:90:25:90:32":13,"s:91:8:91:Infinity":51,"s:92:23:92:Infinity":52,"b:94:8:97:Infinity:undefined:undefined:undefined:undefined":6,"s:94:8:97:Infinity":53,"b:94:12:94:23:94:23:94:43":7,"s:95:12:95:Infinity":54,"s:96:12:96:Infinity":55,"s:99:8:99:Infinity":56,"s:100:32:100:Infinity":57,"f:100:42:100:47":14,"s:100:47:100:56":58,"s:102:8:109:Infinity":59,"s:103:12:106:Infinity":60,"b:104:28:104:38:104:38:104:Infinity":8,"b:105:62:105:80:105:80:105:Infinity":9,"s:112:10:131:Infinity":61,"f:112:36:112:43":15,"s:113:22:113:Infinity":62,"b:114:8:114:Infinity:undefined:undefined:undefined:undefined":10,"s:114:8:114:Infinity":63,"s:114:20:114:Infinity":64,"s:116:36:116:Infinity":65,"s:117:8:125:Infinity":66,"s:117:21:117:24":67,"b:118:12:124:Infinity:undefined:undefined:undefined:undefined":11,"s:118:12:124:Infinity":68,"s:119:29:119:Infinity":69,"b:120:16:123:Infinity:undefined:undefined:undefined:undefined":12,"s:120:16:123:Infinity":70,"s:121:33:121:Infinity":71,"s:122:20:122:Infinity":72,"b:127:8:130:Infinity:undefined:undefined:undefined:undefined":13,"s:127:8:130:Infinity":73,"s:128:12:128:Infinity":74,"s:129:12:129:Infinity":75,"s:133:24:138:Infinity":76,"f:133:24:133:30":16,"b:134:8:134:Infinity:undefined:undefined:undefined:undefined":14,"s:134:8:134:Infinity":77,"b:134:12:134:27:134:27:134:47":15,"s:134:47:134:Infinity":78,"s:135:8:135:Infinity":79,"s:136:8:136:Infinity":80,"s:137:8:137:Infinity":81,"s:140:27:143:Infinity":82,"f:140:27:140:28":17,"s:141:8:141:Infinity":83,"b:142:8:142:Infinity:undefined:undefined:undefined:undefined":16,"s:142:8:142:Infinity":84,"s:142:25:142:Infinity":85,"s:145:28:148:Infinity":86,"f:145:28:145:29":18,"s:146:8:146:Infinity":87,"s:147:8:147:Infinity":88,"s:150:23:157:Infinity":89,"f:150:23:150:30":19,"s:151:8:151:Infinity":90,"s:152:8:152:Infinity":91,"b:154:8:156:Infinity:undefined:undefined:undefined:undefined":17,"s:154:8:156:Infinity":92,"b:154:12:154:36:154:36:154:69":18,"s:155:12:155:Infinity":93,"s:159:4:284:Infinity":94,"f:172:34:172:35":20,"s:172:41:172:Infinity":95,"b:183:25:183:Infinity:184:28:222:Infinity":19,"f:191:43:191:44":21,"s:192:36:220:Infinity":96,"f:212:57:212:58":22,"s:212:84:212:105":97,"s:212:105:212:126":98,"b:230:41:230:73:230:73:230:Infinity":20,"f:232:33:232:39":23,"s:232:39:232:Infinity":99,"f:243:38:243:39":24,"s:243:45:243:Infinity":100,"b:247:43:247:57:247:57:247:Infinity":21,"b:252:77:252:87:252:87:252:103":22,"b:265:30:265:47:265:47:265:62:265:62:265:Infinity":23,"b:267:36:267:83:267:83:267:Infinity":24}}},"/Users/xiangyu/code_checker/src/components/RequestDetailPanel.tsx":{"path":"/Users/xiangyu/code_checker/src/components/RequestDetailPanel.tsx","statementMap":{"0":{"start":{"line":47,"column":10},"end":{"line":47,"column":null}},"1":{"start":{"line":48,"column":48},"end":{"line":48,"column":null}},"2":{"start":{"line":49,"column":22},"end":{"line":49,"column":null}},"3":{"start":{"line":50,"column":31},"end":{"line":50,"column":null}},"4":{"start":{"line":51,"column":30},"end":{"line":51,"column":null}},"5":{"start":{"line":53,"column":4},"end":{"line":55,"column":null}},"6":{"start":{"line":54,"column":8},"end":{"line":54,"column":null}},"7":{"start":{"line":57,"column":25},"end":{"line":57,"column":null}},"8":{"start":{"line":58,"column":19},"end":{"line":58,"column":null}},"9":{"start":{"line":60,"column":46},"end":{"line":65,"column":null}},"10":{"start":{"line":69,"column":20},"end":{"line":69,"column":null}},"11":{"start":{"line":71,"column":25},"end":{"line":76,"column":null}},"12":{"start":{"line":79,"column":10},"end":{"line":102,"column":null}},"13":{"start":{"line":80,"column":8},"end":{"line":82,"column":null}},"14":{"start":{"line":81,"column":12},"end":{"line":81,"column":null}},"15":{"start":{"line":84,"column":29},"end":{"line":84,"column":null}},"16":{"start":{"line":85,"column":29},"end":{"line":85,"column":null}},"17":{"start":{"line":87,"column":25},"end":{"line":93,"column":null}},"18":{"start":{"line":95,"column":14},"end":{"line":99,"column":null}},"19":{"start":{"line":101,"column":8},"end":{"line":101,"column":null}},"20":{"start":{"line":105,"column":20},"end":{"line":107,"column":null}},"21":{"start":{"line":109,"column":23},"end":{"line":109,"column":null}},"22":{"start":{"line":111,"column":18},"end":{"line":111,"column":null}},"23":{"start":{"line":112,"column":26},"end":{"line":117,"column":null}},"24":{"start":{"line":114,"column":12},"end":{"line":114,"column":null}},"25":{"start":{"line":115,"column":12},"end":{"line":115,"column":null}},"26":{"start":{"line":119,"column":24},"end":{"line":123,"column":null}},"27":{"start":{"line":120,"column":8},"end":{"line":122,"column":null}},"28":{"start":{"line":121,"column":12},"end":{"line":121,"column":null}},"29":{"start":{"line":125,"column":24},"end":{"line":132,"column":null}},"30":{"start":{"line":126,"column":8},"end":{"line":126,"column":null}},"31":{"start":{"line":126,"column":24},"end":{"line":126,"column":null}},"32":{"start":{"line":127,"column":20},"end":{"line":127,"column":null}},"33":{"start":{"line":128,"column":8},"end":{"line":128,"column":null}},"34":{"start":{"line":129,"column":8},"end":{"line":131,"column":null}},"35":{"start":{"line":134,"column":4},"end":{"line":141,"column":null}},"36":{"start":{"line":135,"column":8},"end":{"line":139,"column":null}},"37":{"start":{"line":144,"column":4},"end":{"line":183,"column":null}},"38":{"start":{"line":145,"column":8},"end":{"line":181,"column":null}},"39":{"start":{"line":186,"column":4},"end":{"line":195,"column":null}},"40":{"start":{"line":187,"column":8},"end":{"line":193,"column":null}},"41":{"start":{"line":197,"column":4},"end":{"line":512,"column":null}},"42":{"start":{"line":340,"column":40},"end":{"line":346,"column":null}},"43":{"start":{"line":367,"column":79},"end":{"line":367,"column":null}},"44":{"start":{"line":369,"column":32},"end":{"line":382,"column":null}},"45":{"start":{"line":370,"column":36},"end":{"line":378,"column":null}},"46":{"start":{"line":371,"column":40},"end":{"line":375,"column":null}},"47":{"start":{"line":372,"column":44},"end":{"line":372,"column":null}},"48":{"start":{"line":374,"column":44},"end":{"line":374,"column":null}},"49":{"start":{"line":377,"column":40},"end":{"line":377,"column":null}},"50":{"start":{"line":379,"column":32},"end":{"line":382,"column":null}},"51":{"start":{"line":381,"column":36},"end":{"line":381,"column":null}},"52":{"start":{"line":384,"column":32},"end":{"line":386,"column":null}},"53":{"start":{"line":385,"column":36},"end":{"line":385,"column":null}},"54":{"start":{"line":388,"column":32},"end":{"line":392,"column":null}},"55":{"start":{"line":445,"column":44},"end":{"line":497,"column":null}}},"fnMap":{"0":{"name":"RequestDetailPanel","decl":{"start":{"line":46,"column":24},"end":{"line":46,"column":45}},"loc":{"start":{"line":46,"column":45},"end":{"line":514,"column":null}},"line":46},"1":{"name":"(anonymous_1)","decl":{"start":{"line":53,"column":14},"end":{"line":53,"column":20}},"loc":{"start":{"line":53,"column":20},"end":{"line":55,"column":7}},"line":53},"2":{"name":"(anonymous_2)","decl":{"start":{"line":79,"column":29},"end":{"line":79,"column":35}},"loc":{"start":{"line":79,"column":35},"end":{"line":102,"column":7}},"line":79},"3":{"name":"(anonymous_3)","decl":{"start":{"line":113,"column":19},"end":{"line":113,"column":25}},"loc":{"start":{"line":113,"column":25},"end":{"line":116,"column":null}},"line":113},"4":{"name":"(anonymous_4)","decl":{"start":{"line":119,"column":24},"end":{"line":119,"column":30}},"loc":{"start":{"line":119,"column":30},"end":{"line":123,"column":null}},"line":119},"5":{"name":"(anonymous_5)","decl":{"start":{"line":125,"column":24},"end":{"line":125,"column":30}},"loc":{"start":{"line":125,"column":30},"end":{"line":132,"column":null}},"line":125},"6":{"name":"(anonymous_6)","decl":{"start":{"line":339,"column":65},"end":{"line":339,"column":66}},"loc":{"start":{"line":340,"column":40},"end":{"line":346,"column":null}},"line":340},"7":{"name":"(anonymous_7)","decl":{"start":{"line":366,"column":30},"end":{"line":366,"column":36}},"loc":{"start":{"line":366,"column":36},"end":{"line":394,"column":31}},"line":366},"8":{"name":"(anonymous_8)","decl":{"start":{"line":444,"column":89},"end":{"line":444,"column":90}},"loc":{"start":{"line":445,"column":44},"end":{"line":497,"column":null}},"line":445}},"branchMap":{"0":{"loc":{"start":{"line":57,"column":25},"end":{"line":57,"column":null}},"type":"cond-expr","locations":[{"start":{"line":57,"column":46},"end":{"line":57,"column":60}},{"start":{"line":57,"column":60},"end":{"line":57,"column":null}}],"line":57},"1":{"loc":{"start":{"line":80,"column":8},"end":{"line":82,"column":null}},"type":"if","locations":[{"start":{"line":80,"column":8},"end":{"line":82,"column":null}},{"start":{},"end":{}}],"line":80},"2":{"loc":{"start":{"line":80,"column":12},"end":{"line":80,"column":96}},"type":"binary-expr","locations":[{"start":{"line":80,"column":12},"end":{"line":80,"column":55}},{"start":{"line":80,"column":55},"end":{"line":80,"column":96}}],"line":80},"3":{"loc":{"start":{"line":105,"column":20},"end":{"line":107,"column":null}},"type":"cond-expr","locations":[{"start":{"line":106,"column":10},"end":{"line":106,"column":null}},{"start":{"line":107,"column":10},"end":{"line":107,"column":null}}],"line":105},"4":{"loc":{"start":{"line":105,"column":20},"end":{"line":105,"column":null}},"type":"binary-expr","locations":[{"start":{"line":105,"column":20},"end":{"line":105,"column":39}},{"start":{"line":105,"column":39},"end":{"line":105,"column":null}}],"line":105},"5":{"loc":{"start":{"line":120,"column":8},"end":{"line":122,"column":null}},"type":"if","locations":[{"start":{"line":120,"column":8},"end":{"line":122,"column":null}},{"start":{},"end":{}}],"line":120},"6":{"loc":{"start":{"line":126,"column":8},"end":{"line":126,"column":null}},"type":"if","locations":[{"start":{"line":126,"column":8},"end":{"line":126,"column":null}},{"start":{},"end":{}}],"line":126},"7":{"loc":{"start":{"line":134,"column":4},"end":{"line":141,"column":null}},"type":"if","locations":[{"start":{"line":134,"column":4},"end":{"line":141,"column":null}},{"start":{},"end":{}}],"line":134},"8":{"loc":{"start":{"line":144,"column":4},"end":{"line":183,"column":null}},"type":"if","locations":[{"start":{"line":144,"column":4},"end":{"line":183,"column":null}},{"start":{},"end":{}}],"line":144},"9":{"loc":{"start":{"line":154,"column":33},"end":{"line":154,"column":null}},"type":"cond-expr","locations":[{"start":{"line":154,"column":45},"end":{"line":154,"column":89}},{"start":{"line":154,"column":89},"end":{"line":154,"column":null}}],"line":154},"10":{"loc":{"start":{"line":186,"column":4},"end":{"line":195,"column":null}},"type":"if","locations":[{"start":{"line":186,"column":4},"end":{"line":195,"column":null}},{"start":{},"end":{}}],"line":186},"11":{"loc":{"start":{"line":208,"c
[...]
":67,"column":null}},"type":"if","locations":[{"start":{"line":65,"column":8},"end":{"line":67,"column":null}},{"start":{},"end":{}}],"line":65},"8":{"loc":{"start":{"line":76,"column":32},"end":{"line":78,"column":null}},"type":"cond-expr","locations":[{"start":{"line":77,"column":14},"end":{"line":77,"column":null}},{"start":{"line":78,"column":14},"end":{"line":78,"column":null}}],"line":76},"9":{"loc":{"start":{"line":92,"column":8},"end":{"line":92,"column":null}},"type":"if","locations":[{"start":{"line":92,"column":8},"end":{"line":92,"column":null}},{"start":{},"end":{}}],"line":92},"10":{"loc":{"start":{"line":96,"column":8},"end":{"line":96,"column":null}},"type":"if","locations":[{"start":{"line":96,"column":8},"end":{"line":96,"column":null}},{"start":{},"end":{}}],"line":96},"11":{"loc":{"start":{"line":107,"column":29},"end":{"line":107,"column":null}},"type":"binary-expr","locations":[{"start":{"line":107,"column":29},"end":{"line":107,"column":51}},{"start":{"line":107,"column":51},"end":{"line":107,"column":null}}],"line":107},"12":{"loc":{"start":{"line":129,"column":31},"end":{"line":129,"column":null}},"type":"binary-expr","locations":[{"start":{"line":129,"column":31},"end":{"line":129,"column":72}},{"start":{"line":129,"column":72},"end":{"line":129,"column":null}}],"line":129},"13":{"loc":{"start":{"line":175,"column":32},"end":{"line":175,"column":null}},"type":"binary-expr","locations":[{"start":{"line":175,"column":32},"end":{"line":175,"column":73}},{"start":{"line":175,"column":73},"end":{"line":175,"column":null}}],"line":175},"14":{"loc":{"start":{"line":177,"column":38},"end":{"line":177,"column":null}},"type":"binary-expr","locations":[{"start":{"line":177,"column":38},"end":{"line":177,"column":51}},{"start":{"line":177,"column":51},"end":{"line":177,"column":null}}],"line":177},"15":{"loc":{"start":{"line":245,"column":8},"end":{"line":245,"column":null}},"type":"if","locations":[{"start":{"line":245,"column":8},"end":{"line":245,"column":null}},{"start":{},"end":{}}],"line":245},"16":{"loc":{"start":{"line":282,"column":30},"end":{"line":282,"column":null}},"type":"cond-expr","locations":[{"start":{"line":282,"column":55},"end":{"line":282,"column":71}},{"start":{"line":282,"column":71},"end":{"line":282,"column":null}}],"line":282}},"s":{"0":1,"1":1,"2":1,"3":0,"4":0,"5":0,"6":0,"7":0,"8":0,"9":0,"10":0,"11":3,"12":3,"13":3,"14":1,"15":1,"16":2,"17":2,"18":2,"19":2,"20":0,"21":0,"22":2,"23":3,"24":3,"25":3,"26":3,"27":3,"28":3,"29":0,"30":2,"31":2,"32":3,"33":2,"34":2,"35":2,"36":2,"37":0,"38":2,"39":0,"40":2,"41":3,"42":2,"43":2,"44":2,"45":2,"46":2,"47":1,"48":2,"49":2,"50":1,"51":1,"52":1,"53":1,"54":1,"55":3,"56":2,"57":2,"58":2,"59":2,"60":2,"61":1,"62":2,"63":2,"64":2,"65":2,"66":1,"67":1,"68":1,"69":1,"70":1,"71":3,"72":1,"73":1,"74":1,"75":1,"76":1,"77":1,"78":1,"79":0,"80":0,"81":0,"82":1,"83":3,"84":0,"85":1,"86":1,"87":1,"88":1,"89":1,"90":1},"f":{"0":0,"1":3,"2":0,"3":0,"4":2,"5":2,"6":1},"b":{"0":[0,0],"1":[1,2],"2":[2,2],"3":[3,2],"4":[3,2,2],"5":[3,2,2],"6":[3,2,2],"7":[0,3],"8":[0,2],"9":[2,0],"10":[0,2],"11":[2,0],"12":[1,0],"13":[1,0],"14":[2,0],"15":[0,3],"16":[1,0]},"meta":{"lastBranch":17,"lastFunction":7,"lastStatement":91,"seen":{"s:5:29:5:Infinity":0,"s:9:36:9:Infinity":1,"s:12:39:12:Infinity":2,"f:14:15:14:50":0,"b:15:4:15:Infinity:undefined:undefined:undefined:undefined":0,"s:15:4:15:Infinity":3,"s:15:27:15:Infinity":4,"s:17:23:17:Infinity":5,"s:18:4:24:Infinity":6,"s:19:8:19:Infinity":7,"s:20:8:20:Infinity":8,"s:22:8:22:Infinity":9,"s:23:8:23:Infinity":10,"f:27:22:27:45":1,"s:28:4:292:Infinity":11,"s:30:24:32:Infinity":12,"b:34:8:37:Infinity:undefined:undefined:undefined:undefined":1,"s:34:8:37:Infinity":13,"s:35:12:35:Infinity":14,"s:36:12:36:Infinity":15,"s:40:8:43:Infinity":16,"s:46:8:49:Infinity":17,"s:52:25:52:Infinity":18,"s:53:28:56:Infinity":19,"f:53:44:53:45":2,"s:54:12:54:Infinity":20,"s:55:12:55:Infinity":21,"s:58:23:58:Infinity":22,"b:58:23:58:56:58:56:58:Infinity":2,"s:59:24:59:Infinity":23,"b:59:24:59:58:59:58:59:Infinity":3,"s:60:22:60:Infinity":24,"b:60:22:60:59:60:59:60:93:60:93:60:Infinity":4,"s:61:27:61:Infinity":25,"b:61:27:61:64:61:64:61:98:61:98:61:Infinity":5,"s:62:31:62:Infinity":26,"b:62:40:62:82:62:82:62:121:62:121:62:126":6,"s:63:24:63:Infinity":27,"b:65:8:67:Infinity:undefined:undefined:undefined:undefined":7,"s:65:8:67:Infinity":28,"s:66:12:66:Infinity":29,"s:70:23:73:Infinity":30,"s:76:32:78:Infinity":31,"b:77:14:77:Infinity:78:14:78:Infinity":8,"s:81:56:85:Infinity":32,"s:91:75:91:Infinity":33,"b:92:8:92:Infinity:undefined:undefined:undefined:undefined":9,"s:92:8:92:Infinity":34,"s:92:32:92:Infinity":35,"s:93:8:95:Infinity":36,"f:93:32:93:33":3,"s:94:12:94:Infinity":37,"b:96:8:96:Infinity:undefined:undefined:undefined:undefined":10,"s:96:8:96:Infinity":38,"s:96:44:96:Infinity":39,"s:107:29:107:Infinity":40,"b:107:29:107:51:107:51:107:Infinity":11,"s:110:14:151:Infinity":41,"f:110:31:110:43":4,"s:111:12:150:Infinity":42,"s:112:16:112:Infinity":43,"s:115:16:118:Infinity":44,"s:119:16:119:Infinity":45,"s:121:33:128:Infinity":46,"s:129:31:129:Infinity":47,"b:129:31:129:72:129:72:129:Infinity":12,"s:130:16:130:Infinity":48,"s:133:16:140:Infinity":49,"s:141:16:141:Infinity":50,"s:142:16:142:Infinity":51,"s:144:16:144:Infinity":52,"s:145:16:148:Infinity":53,"s:149:16:149:Infinity":54,"s:153:14:199:Infinity":55,"f:153:28:153:40":5,"s:154:12:198:Infinity":56,"s:155:16:155:Infinity":57,"s:158:16:161:Infinity":58,"s:162:16:162:Infinity":59,"s:167:33:174:Infinity":60,"s:175:32:175:Infinity":61,"b:175:32:175:73:175:73:175:Infinity":13,"s:176:29:176:Infinity":62,"s:177:38:177:Infinity":63,"b:177:38:177:51:177:51:177:Infinity":14,"s:178:16:178:Infinity":64,"s:181:16:188:Infinity":65,"s:189:16:189:Infinity":66,"s:190:16:190:Infinity":67,"s:192:16:192:Infinity":68,"s:193:16:196:Infinity":69,"s:197:16:197:Infinity":70,"s:202:45:202:Infinity":71,"s:205:8:205:Infinity":72,"s:208:8:211:Infinity":73,"s:212:8:212:Infinity":74,"s:214:27:217:Infinity":75,"s:219:30:242:Infinity":76,"f:219:37:219:49":6,"s:220:12:241:Infinity":77,"s:221:16:233:Infinity":78,"s:235:16:235:Infinity":79,"s:236:16:239:Infinity":80,"s:240:16:240:Infinity":81,"s:244:32:244:Infinity":82,"b:245:8:245:Infinity:undefined:undefined:undefined:undefined":15,"s:245:8:245:Infinity":83,"s:245:30:245:Infinity":84,"s:248:8:265:Infinity":85,"s:268:8:271:Infinity":86,"s:273:8:273:Infinity":87,"s:275:8:275:Infinity":88,"s:278:8:285:Infinity":89,"b:282:55:282:71:282:71:282:Infinity":16,"s:288:8:291:Infinity":90}}},"/Users/xiangyu/code_checker/src/server/trpc.ts":{"path":"/Users/xiangyu/code_checker/src/server/trpc.ts","statementMap":{"0":{"start":{"line":6,"column":33},"end":{"line":11,"column":null}},"1":{"start":{"line":7,"column":4},"end":{"line":10,"column":null}},"2":{"start":{"line":13,"column":10},"end":{"line":15,"column":null}},"3":{"start":{"line":17,"column":22},"end":{"line":17,"column":null}},"4":{"start":{"line":18,"column":31},"end":{"line":18,"column":null}},"5":{"start":{"line":20,"column":30},"end":{"line":26,"column":null}},"6":{"start":{"line":21,"column":18},"end":{"line":21,"column":null}},"7":{"start":{"line":22,"column":4},"end":{"line":24,"column":null}},"8":{"start":{"line":23,"column":8},"end":{"line":23,"column":null}},"9":{"start":{"line":25,"column":4},"end":{"line":25,"column":null}}},"fnMap":{"0":{"name":"(anonymous_0)","decl":{"start":{"line":6,"column":33},"end":{"line":6,"column":40}},"loc":{"start":{"line":6,"column":71},"end":{"line":11,"column":null}},"line":6},"1":{"name":"(anonymous_1)","decl":{"start":{"line":20,"column":46},"end":{"line":20,"column":53}},"loc":{"start":{"line":20,"column":71},"end":{"line":26,"column":1}},"line":20}},"branchMap":{"0":{"loc":{"start":{"line":22,"column":4},"end":{"line":24,"column":null}},"type":"if","locations":[{"start":{"line":22,"column":4},"end":{"line":24,"column":null}},{"start":{},"end":{}}],"line":22}},"s":{"0":2,"1":0,"2":2,"3":2,"4":2,"5":2,"6":4,"7":4,"8":1,"9":3},"f":{"0":0,"1":4},"b":{"0":[1,3]},"meta":{"lastBranch":1,"lastFunction":2,"lastStatement":10,"seen":{"s:6:33:11:Infinity":0,"f:6:33:6:40":0,"s:7:4:10:Infinity":1,"s:13:10:15:Infinity":2,"s:17:22:17:Infinity":3,"s:18:31:18:Infinity":4,"s:20:30:26:Infinity":5,"f:20:46:20:53":1,"s:21:18:21:Infinity":6,"b:22:4:24:Infinity:undefined:undefined:undefined:undefined":0,"s:22:4:24:Infinity":7,"s:23:8:23:Infinity":8,"s:25:4:25:Infinity":9}}},"/Users/xiangyu/code_checker/src/server/routers/settings.ts":{"path":"/Users/xiangyu/code_checker/src/server/routers/settings.ts","statementMap":{"0":{"start":{"line":4,"column":25},"end":{"line":4,"column":null}},"1":{"start":{"line":5,"column":28},"end":{"line":8,"column":null}},"2":{"start":{"line":10,"column":13},"end":{"line":63,"column":null}},"3":{"start":{"line":13,"column":25},"end":{"line":13,"column":null}},"4":{"start":{"line":14,"column":8},"end":{"line":17,"column":null}},"5":{"start":{"line":15,"column":12},"end":{"line":15,"column":null}},"6":{"start":{"line":16,"column":12},"end":{"line":16,"column":null}},"7":{"start":{"line":24,"column":28},"end":{"line":26,"column":null}},"8":{"start":{"line":27,"column":12},"end":{"line":27,"column":null}},"9":{"start":{"line":34,"column":28},"end":{"line":41,"column":null}},"10":{"start":{"line":42,"column":12},"end":{"line":42,"column":null}},"11":{"start":{"line":49,"column":28},"end":{"line":60,"column":null}},"12":{"start":{"line":51,"column":20},"end":{"line":58,"column":null}},"13":{"start":{"line":61,"column":12},"end":{"line":61,"column":null}}},"fnMap":{"0":{"name":"(anonymous_0)","decl":{"start":{"line":12,"column":33},"end":{"line":12,"column":40}},"loc":{"start":{"line":12,"column":52},"end":{"line":18,"column":5}},"line":12},"1":{"name":"(anonymous_1)","decl":{"start":{"line":14,"column":31},"end":{"line":14,"column":32}},"loc":{"start":{"line":14,"column":49},"end":{"line":17,"column":11}},"line":14},"2":{"name":"(anonymous_2)","decl":{"start":{"line":23,"column":15},"end":{"line":23,"column":22}},"loc":{"start":{"line":23,"column":41},"end":{"line":28,"column":9}},"line":23},"3":{"name":"(anonymous_3)","decl":{"start":{"line":33,"column":18},"end":{"line":33,"column":25}},"loc":{"start":{"line":33,"column":44},"end":{"line":43,"column":9}},"line":33},"4":{"name":"(anonymous_4)","decl":{"start":{"line":48,"column":18},"end":{"line":48,"column":25}},"loc":{"start":{"line":48,"column":44},"end":{"line":62,"column":9}},"line":48},"5":{"name":"(anonymous_5)","decl":{"start":{"line":50,"column":26},"end":{"line":50,"column":27}},"loc":{"start":{"line":51,"column":20},"end":{"line":58,"column":null}},"line":51}},"branchMap":{"0":{"loc":{"start":{"line":27,"column":19},"end":{"line":27,"column":null}},"type":"binary-expr","locations":[{"start":{"line":27,"column":19},"end":{"line":27,"column":37}},{"start":{"line":27,"column":37},"end":{"line":27,"column":null}}],"line":27}},"s":{"0":1,"1":1,"2":1,"3":1,"4":1,"5":2,"6":2,"7":2,"8":2,"9":1,"10":1,"11":1,"12":2,"13":1},"f":{"0":1,"1":2,"2":2,"3":1,"4":1,"5":2},"b":{"0":[2,1]},"meta":{"lastBranch":1,"lastFunction":6,"lastStatement":14,"seen":{"s:4:25:4:Infinity":0,"s:5:28:8:Infinity":1,"s:10:13:63:Infinity":2,"f:12:33:12:40":0,"s:13:25:13:Infinity":3,"s:14:8:17:Infinity":4,"f:14:31:14:32":1,"s:15:12:15:Infinity":5,"s:16:12:16:Infinity":6,"f:23:15:23:22":2,"s:24:28:26:Infinity":7,"s:27:12:27:Infinity":8,"b:27:19:27:37:27:37:27:Infinity":0,"f:33:18:33:25":3,"s:34:28:41:Infinity":9,"s:42:12:42:Infinity":10,"f:48:18:48:25":4,"s:49:28:60:Infinity":11,"f:50:26:50:27":5,"s:51:20:58:Infinity":12,"s:61:12:61:Infinity":13}}},"/Users/xiangyu/code_checker/src/server/routers/requests.ts":{"path":"/Users/xiangyu/code_checker/src/server/routers/requests.ts","statementMap":{"0":{"start":{"line":7,"column":28},"end":{"line":16,"column":null}},"1":{"start":{"line":11,"column":14},"end":{"line":11,"column":null}},"2":{"start":{"line":18,"column":24},"end":{"line":18,"column":null}},"3":{"start":{"line":20,"column":13},"end":{"line":194,"column":null}},"4":{"start":{"line":32,"column":50},"end":{"line":32,"column":null}},"5":{"start":{"line":34,"column":12},"end":{"line":49,"column":null}},"6":{"start":{"line":56,"column":28},"end":{"line":58,"column":null}},"7":{"start":{"line":60,"column":12},"end":{"line":65,"column":null}},"8":{"start":{"line":61,"column":16},"end":{"line":64,"column":null}},"9":{"start":{"line":68,"column":12},"end":{"line":77,"column":null}},"10":{"start":{"line":84,"column":28},"end":{"line":93,"column":null}},"11":{"start":{"line":96,"column":12},"end":{"line":96,"column":null}},"12":{"start":{"line":98,"column":12},"end":{"line":98,"column":null}},"13":{"start":{"line":105,"column":28},"end":{"line":107,"column":null}},"14":{"start":{"line":109,"column":12},"end":{"line":114,"column":null}},"15":{"start":{"line":110,"column":16},"end":{"line":113,"column":null}},"16":{"start":{"line":116,"column":12},"end":{"line":118,"column":null}},"17":{"start":{"line":120,"column":12},"end":{"line":120,"column":null}},"18":{"start":{"line":127,"column":36},"end":{"line":129,"column":null}},"19":{"start":{"line":131,"column":12},"end":{"line":136,"column":null}},"20":{"start":{"line":132,"column":16},"end":{"line":135,"column":null}},"21":{"start":{"line":139,"column":31},"end":{"line":146,"column":null}},"22":{"start":{"line":149,"column":12},"end":{"line":149,"column":null}},"23":{"start":{"line":151,"column":12},"end":{"line":151,"column":null}},"24":{"start":{"line":158,"column":28},"end":{"line":160,"column":null}},"25":{"start":{"line":162,"column":12},"end":{"line":167,"column":null}},"26":{"start":{"line":163,"column":16},"end":{"line":166,"column":null}},"27":{"start":{"line":170,"column":35},"end":{"line":187,"column":null}},"28":{"start":{"line":190,"column":12},"end":{"line":190,"column":null}},"29":{"start":{"line":192,"column":12},"end":{"line":192,"column":null}}},"fnMap":{"0":{"name":"(anonymous_0)","decl":{"start":{"line":11,"column":4},"end":{"line":11,"column":5}},"loc":{"start":{"line":11,"column":14},"end":{"line":11,"column":null}},"line":11},"1":{"name":"(anonymous_1)","decl":{"start":{"line":31,"column":15},"end":{"line":31,"column":22}},"loc":{"start":{"line":31,"column":41},"end":{"line":50,"column":9}},"line":31},"2":{"name":"(anonymous_2)","decl":{"start":{"line":55,"column":15},"end":{"line":55,"column":22}},"loc":{"start":{"line":55,"column":41},"end":{"line":78,"column":9}},"line":55},"3":{"name":"(anonymous_3)","decl":{"start":{"line":83,"column":18},"end":{"line":83,"column":25}},"loc":{"start":{"line":83,"column":44},"end":{"line":99,"column":9}},"line":83},"4":{"name":"(anonymous_4)","decl":{"start":{"line":104,"column":18},"end":{"line":104,"column":25}},"loc":{"start":{"line":104,"column":44},"end":{"line":121,"column":9}},"line":104},"5":{"name":"(anonymous_5)","decl":{"start":{"line":126,"column":18},"end":{"line":126,"column":25}},"loc":{"start":{"line":126,"column":44},"end":{"line":152,"column":9}},"line":126},"6":{"name":"(anonymous_6)","decl":{"start":{"line":157,"column":18},"end":{"line":157,"column":25}},"loc":{"start":{"line":157,"column":44},"end":{"line":193,"column":9}},"line":157}},"branchMap":{"0":{"loc":{"start":{"line":11,"column":14},"end":{"line":11,"column":null}},"type":"binary-expr","locations":[{"start":{"line":11,"column":14},"end":{"line":11,"column":34}},{"start":{"line":11,"column":34},"end":{"line":11,"column":58}},{"start":{"line":11,"column":58},"end":{"line":11,"column":null}}],"line":11},"1":{"loc":{"start":{"line":32,"column":36},"end":{"line":32,"column":46}},"type":"default-arg","locations":[{"start":{"line":32,"column":43},"end":{"line":32,"column":46}}],"line":32},"2":{"loc":{"start":{"line":35,"column":23},"end":{"line":35,"column":null}},"type":"cond-expr","locations":[{"start":{"line":35,"column":32},"end":{"line":35,"column":45}},{"start":{"line":35,"column":45},"end":{"line":35,"column":null}}],"line":35},"3":{"loc":{"start":{"line":37,"column":22},"end":{"line":37,"column":null}},"type":"cond-expr","locations":[{"start":{"line":37,"column":31},"end":{"line":37,"column":35}},{"start":{"line":37,"column":35},"end":{"line":37,"column":null}}],"line":37},"4":{"loc":{"start":{"line":38,"column":24},"end":{"line":38,"column":null}},"type":"cond-expr","locations":[{"start":{"line":38,"column":33},"end":{"line":38,"column":50}},{"start":{"line":38,"column":50},"end":{"line":38,"column":null}}],"line":38},"5":{"loc":{"start":{"line":60,"column":12},"end":{"line":65,"column":null}},"type":"if","locations":[{"start":{"line":60,"column":12},"end":{"line":65,"column":null}},{"start":{},"end":{}}],"line":60},"6":{"loc":{"start":{"line":70,"column":33},"end":{"line":72,"column":null}},"type":"cond-expr","locations":[{"start":{"line":71,"column":22},"end":{"line":71,"column":null}},{"start":{"line":72,"column":22},"end":{"line":72,"column":null}}],"line":70},"7":{"loc":{"start":{"line":73,"column":32},"end":{"line":75,"column":null}},"type":"cond-expr","locations":[{"start":{"line":74,"column":22},"end":{"line":74,"column":null}},{"start":{"line":75,"column":22},"end":{"line":75,"column":null}}],"line":73},"8":{"loc":{"start":{"line":87,"column":37},"end":{"line":89,"column":null}},"type":"cond-expr","locations":[{"start":{"line":88,"column":26},"end":{"line":88,"column":null}},{"start":{"line":89,"column":26},"end":{"line":89,"column":null}}],"line":87},"9":{"loc":{"start":{"line":109,"column":12},"end":{"line":114,"column":null}},"type":"if","locations":[{"start":{"line":109,"column":12},"end":{"line":114,"column":null}},{"start":{},"end":{}}],"line":109},"10":{"loc":{"start":{"line":131,"column":12},"end":{"line":136,"column":null}},"type":"if","locations":[{"start":{"line":131,"column":12},"end":{"line":136,"column":null}},{"start":{},"end":{}}],"line":131},"11":{"loc":{"start":{"line":162,"column":12},"end":{"line":167,"column":null}},"type":"if","locations":[{"start":{"line":162,"column":12},"end":{"line":167,"column":null}},{"start":{},"end":{}}],"line":162}},"s":{"0":1,"1":1,"2":1,"3":1,"4":2,"5":2,"6":2,"7":2,"8":1,"9":1,"10":1,"11":1,"12":1,"13":1,"14":1,"15":0,"16":1,"17":1,"18":0,"19":0,"20":0,"21":0,"22":0,"23":0,"24":2,"25":2,"26":1,"27":1,"28":1,"29":1},"f":{"0":1,"1":2,"2":2,"3":1,"4":1,"5":0,"6":2},"b":{"0":[1,0,0],"1":[2],"2":[1,1],"3":[0,2],"4":[0,2],"5":[1,1],"6":[1,0],"7":[1,0],"8":[1,0],"9":[0,1],"10":[0,0],"11":[1,1]},"meta":{"lastBranch":12,"lastFunction":7,"lastStatement":30,"seen":{"s:7:28:16:Infinity":0,"f:11:4:11:5":0,"s:11:14:11:Infinity":1,"b:11:14:11:34:11:34:11:58:11:58:11:Infinity":0,"s:18:24:18:Infinity":2,"s:20:13:194:Infinity":3,"f:31:15:31:22":1,"s:32:50:32:Infinity":4,"b:32:43:32:46":1,"s:34:12:49:Infinity":5,"b:35:32:35:45:35:45:35:Infinity":2,"b:37:31:37:35:37:35:37:Infinity":3,"b:38:33:38:50:38:50:38:Infinity":4,"f:55:15:55:22":2,"s:56:28:58:Infinity":6,"b:60:12:65:Infinity:undefined:undefined:undefined:undefined":5,"s:60:12:65:Infinity":7,"s:61:16:64:Infinity":8,"s:68:12:77:Infinity":9,"b:71:22:71:Infinity:72:22:72:Infinity":6,"b:74:22:74:Infinity:75:22:75:Infinity":7,"f:83:18:83:25":3,"s:84:28:93:Infinity":10,"b:88:26:88:Infinity:89:26:89:Infinity":8,"s:96:12:96:Infinity":11,"s:98:12:98:Infinity":12,"f:104:18:104:25":4,"s:105:28:107:Infinity":13,"b:109:12:114:Infinity:undefined:undefined:undefined:undefined":9,"s:109:12:114:Infinity":14,"s:110:16:113:Infinity":15,"s:116:12:118:Infinity":16,"s:120:12:120:Infinity":17,"f:126:18:126:25":5,"s:127:36:129:Infinity":18,"b:131:12:136:Infinity:undefined:undefined:undefined:undefined":10,"s:131:12:136:Infinity":19,"s:132:16:135:Infinity":20,"s:139:31:146:Infinity":21,"s:149:12:149:Infinity":22,"s:151:12:151:Infinity":23,"f:157:18:157:25":6,"s:158:28:160:Infinity":24,"b:162:12:167:Infinity:undefined:undefined:undefined:undefined":11,"s:162:12:167:Infinity":25,"s:163:16:166:Infinity":26,"s:170:35:187:Infinity":27,"s:190:12:190:Infinity":28,"s:192:12:192:Infinity":29}}}}}